[2026-04-20T18:11:25Z] starting Bucket 4 model-selection study
[2026-04-20T18:14:26Z] prepared bundle: questions=20, papers=7, methods=flat_hybrid_current,adjacency_hybrid_current,bridge_v2_hybrid_current,bridge_final_current,fixed_chunk_bridge_final
[2026-04-20T18:14:26Z] starting retrieval stage=screening retrieval, method=flat_hybrid_current, representation=current, chunking=paragraph_pair
[2026-04-20T18:14:26Z] progress: stage=screening retrieval, method=flat_hybrid_current, representation=current, chunking=paragraph_pair, papers=2/7, questions=3/10, percent=30.0, elapsed_min=0.0, papers_per_min=10536.91, questions_per_min=15805.36, eta_min=0.0, new_records=3, checkpoint_saved=no, loaded_cached=0, skipped_existing=0
[2026-04-20T18:14:26Z] progress: stage=screening retrieval, method=flat_hybrid_current, representation=current, chunking=paragraph_pair, papers=4/7, questions=5/10, percent=50.0, elapsed_min=0.0, papers_per_min=9969.62, questions_per_min=12462.03, eta_min=0.0, new_records=2, checkpoint_saved=no, loaded_cached=0, skipped_existing=0
[2026-04-20T18:14:26Z] checkpoint saved: method=flat_hybrid_current, papers=4/7, questions=5/10, cache_records=5
[2026-04-20T18:14:26Z] progress: stage=screening retrieval, method=flat_hybrid_current, representation=current, chunking=paragraph_pair, papers=6/7, questions=8/10, percent=80.0, elapsed_min=0.0, papers_per_min=10580.54, questions_per_min=14107.39, eta_min=0.0, new_records=3, checkpoint_saved=no, loaded_cached=0, skipped_existing=0
[2026-04-20T18:14:26Z] progress: stage=screening retrieval, method=flat_hybrid_current, representation=current, chunking=paragraph_pair, papers=7/7, questions=10/10, percent=100.0, elapsed_min=0.0, papers_per_min=10062.88, questions_per_min=14375.54, eta_min=0.0, new_records=2, checkpoint_saved=no, loaded_cached=0, skipped_existing=0
[2026-04-20T18:14:26Z] checkpoint saved: method=flat_hybrid_current, papers=7/7, questions=10/10, cache_records=10
[2026-04-20T18:14:26Z] progress: stage=screening retrieval, method=flat_hybrid_current, representation=current, chunking=paragraph_pair, papers=7/7, questions=10/10, percent=100.0, elapsed_min=0.0, papers_per_min=8652.00, questions_per_min=12360.00, eta_min=0.0, new_records=0, checkpoint_saved=no, loaded_cached=0, skipped_existing=0
[2026-04-20T18:14:26Z] stage complete: stage=screening retrieval, method=flat_hybrid_current, computed_this_run=10, skipped_existing=0, cache_records=10
[2026-04-20T18:14:26Z] starting retrieval stage=screening retrieval, method=adjacency_hybrid_current, representation=current, chunking=paragraph_pair
[2026-04-20T18:14:26Z] progress: stage=screening retrieval, method=adjacency_hybrid_current, representation=current, chunking=paragraph_pair, papers=2/7, questions=3/10, percent=30.0, elapsed_min=0.0, papers_per_min=18743.40, questions_per_min=28115.10, eta_min=0.0, new_records=3, checkpoint_saved=no, loaded_cached=0, skipped_existing=0
[2026-04-20T18:14:26Z] progress: stage=screening retrieval, method=adjacency_hybrid_current, representation=current, chunking=paragraph_pair, papers=4/7, questions=5/10, percent=50.0, elapsed_min=0.0, papers_per_min=16399.48, questions_per_min=20499.35, eta_min=0.0, new_records=2, checkpoint_saved=no, loaded_cached=0, skipped_existing=0
[2026-04-20T18:14:26Z] checkpoint saved: method=adjacency_hybrid_current, papers=4/7, questions=5/10, cache_records=5
[2026-04-20T18:14:26Z] progress: stage=screening retrieval, method=adjacency_hybrid_current, representation=current, chunking=paragraph_pair, papers=6/7, questions=8/10, percent=80.0, elapsed_min=0.0, papers_per_min=14462.56, questions_per_min=19283.42, eta_min=0.0, new_records=3, checkpoint_saved=no, loaded_cached=0, skipped_existing=0
[2026-04-20T18:14:26Z] progress: stage=screening retrieval, method=adjacency_hybrid_current, representation=current, chunking=paragraph_pair, papers=7/7, questions=10/10, percent=100.0, elapsed_min=0.0, papers_per_min=13598.42, questions_per_min=19426.32, eta_min=0.0, new_records=2, checkpoint_saved=no, loaded_cached=0, skipped_existing=0
[2026-04-20T18:14:26Z] checkpoint saved: method=adjacency_hybrid_current, papers=7/7, questions=10/10, cache_records=10
[2026-04-20T18:14:26Z] progress: stage=screening retrieval, method=adjacency_hybrid_current, representation=current, chunking=paragraph_pair, papers=7/7, questions=10/10, percent=100.0, elapsed_min=0.0, papers_per_min=10531.90, questions_per_min=15045.57, eta_min=0.0, new_records=0, checkpoint_saved=no, loaded_cached=0, skipped_existing=0
[2026-04-20T18:14:26Z] stage complete: stage=screening retrieval, method=adjacency_hybrid_current, computed_this_run=10, skipped_existing=0, cache_records=10
[2026-04-20T18:14:26Z] starting retrieval stage=screening retrieval, method=bridge_v2_hybrid_current, representation=current, chunking=paragraph_pair
[2026-04-20T18:14:26Z] progress: stage=screening retrieval, method=bridge_v2_hybrid_current, representation=current, chunking=paragraph_pair, papers=2/7, questions=3/10, percent=30.0, elapsed_min=0.0, papers_per_min=11097.51, questions_per_min=16646.27, eta_min=0.0, new_records=3, checkpoint_saved=no, loaded_cached=0, skipped_existing=0
[2026-04-20T18:14:26Z] progress: stage=screening retrieval, method=bridge_v2_hybrid_current, representation=current, chunking=paragraph_pair, papers=4/7, questions=5/10, percent=50.0, elapsed_min=0.0, papers_per_min=14202.53, questions_per_min=17753.17, eta_min=0.0, new_records=2, checkpoint_saved=no, loaded_cached=0, skipped_existing=0
[2026-04-20T18:14:26Z] checkpoint saved: method=bridge_v2_hybrid_current, papers=4/7, questions=5/10, cache_records=5
[2026-04-20T18:14:26Z] progress: stage=screening retrieval, method=bridge_v2_hybrid_current, representation=current, chunking=paragraph_pair, papers=6/7, questions=8/10, percent=80.0, elapsed_min=0.0, papers_per_min=12202.70, questions_per_min=16270.26, eta_min=0.0, new_records=3, checkpoint_saved=no, loaded_cached=0, skipped_existing=0
[2026-04-20T18:14:26Z] progress: stage=screening retrieval, method=bridge_v2_hybrid_current, representation=current, chunking=paragraph_pair, papers=7/7, questions=10/10, percent=100.0, elapsed_min=0.0, papers_per_min=8806.06, questions_per_min=12580.08, eta_min=0.0, new_records=2, checkpoint_saved=no, loaded_cached=0, skipped_existing=0
[2026-04-20T18:14:26Z] checkpoint saved: method=bridge_v2_hybrid_current, papers=7/7, questions=10/10, cache_records=10
[2026-04-20T18:14:26Z] progress: stage=screening retrieval, method=bridge_v2_hybrid_current, representation=current, chunking=paragraph_pair, papers=7/7, questions=10/10, percent=100.0, elapsed_min=0.0, papers_per_min=7903.20, questions_per_min=11290.29, eta_min=0.0, new_records=0, checkpoint_saved=no, loaded_cached=0, skipped_existing=0
[2026-04-20T18:14:26Z] stage complete: stage=screening retrieval, method=bridge_v2_hybrid_current, computed_this_run=10, skipped_existing=0, cache_records=10
[2026-04-20T18:14:26Z] starting retrieval stage=screening retrieval, method=bridge_final_current, representation=current, chunking=paragraph_pair
[2026-04-20T18:14:26Z] progress: stage=screening retrieval, method=bridge_final_current, representation=current, chunking=paragraph_pair, papers=2/7, questions=3/10, percent=30.0, elapsed_min=0.0, papers_per_min=6993.61, questions_per_min=10490.42, eta_min=0.0, new_records=3, checkpoint_saved=no, loaded_cached=0, skipped_existing=0
[2026-04-20T18:14:26Z] progress: stage=screening retrieval, method=bridge_final_current, representation=current, chunking=paragraph_pair, papers=4/7, questions=5/10, percent=50.0, elapsed_min=0.0, papers_per_min=13987.23, questions_per_min=17484.04, eta_min=0.0, new_records=2, checkpoint_saved=no, loaded_cached=0, skipped_existing=0
[2026-04-20T18:14:26Z] checkpoint saved: method=bridge_final_current, papers=4/7, questions=5/10, cache_records=5
[2026-04-20T18:14:26Z] progress: stage=screening retrieval, method=bridge_final_current, representation=current, chunking=paragraph_pair, papers=6/7, questions=8/10, percent=80.0, elapsed_min=0.0, papers_per_min=9043.56, questions_per_min=12058.08, eta_min=0.0, new_records=3, checkpoint_saved=no, loaded_cached=0, skipped_existing=0
[2026-04-20T18:14:26Z] progress: stage=screening retrieval, method=bridge_final_current, representation=current, chunking=paragraph_pair, papers=7/7, questions=10/10, percent=100.0, elapsed_min=0.0, papers_per_min=8139.76, questions_per_min=11628.23, eta_min=0.0, new_records=2, checkpoint_saved=no, loaded_cached=0, skipped_existing=0
[2026-04-20T18:14:26Z] checkpoint saved: method=bridge_final_current, papers=7/7, questions=10/10, cache_records=10
[2026-04-20T18:14:26Z] progress: stage=screening retrieval, method=bridge_final_current, representation=current, chunking=paragraph_pair, papers=7/7, questions=10/10, percent=100.0, elapsed_min=0.0, papers_per_min=8139.76, questions_per_min=11628.23, eta_min=0.0, new_records=0, checkpoint_saved=no, loaded_cached=0, skipped_existing=0
[2026-04-20T18:14:26Z] stage complete: stage=screening retrieval, method=bridge_final_current, computed_this_run=10, skipped_existing=0, cache_records=10
[2026-04-20T18:14:26Z] starting retrieval stage=screening retrieval, method=fixed_chunk_bridge_final, representation=current, chunking=fixed_chunk
[2026-04-20T18:14:27Z] progress: stage=screening retrieval, method=fixed_chunk_bridge_final, representation=current, chunking=fixed_chunk, papers=2/7, questions=3/10, percent=30.0, elapsed_min=0.0, papers_per_min=176912.65, questions_per_min=265368.97, eta_min=0.0, new_records=3, checkpoint_saved=no, loaded_cached=0, skipped_existing=0
[2026-04-20T18:14:27Z] progress: stage=screening retrieval, method=fixed_chunk_bridge_final, representation=current, chunking=fixed_chunk, papers=4/7, questions=5/10, percent=50.0, elapsed_min=0.0, papers_per_min=13200.01, questions_per_min=16500.02, eta_min=0.0, new_records=2, checkpoint_saved=no, loaded_cached=0, skipped_existing=0
[2026-04-20T18:14:27Z] checkpoint saved: method=fixed_chunk_bridge_final, papers=4/7, questions=5/10, cache_records=5
[2026-04-20T18:14:27Z] progress: stage=screening retrieval, method=fixed_chunk_bridge_final, representation=current, chunking=fixed_chunk, papers=6/7, questions=8/10, percent=80.0, elapsed_min=0.0, papers_per_min=10661.68, questions_per_min=14215.57, eta_min=0.0, new_records=3, checkpoint_saved=no, loaded_cached=0, skipped_existing=0
[2026-04-20T18:14:27Z] progress: stage=screening retrieval, method=fixed_chunk_bridge_final, representation=current, chunking=fixed_chunk, papers=7/7, questions=10/10, percent=100.0, elapsed_min=0.0, papers_per_min=12438.62, questions_per_min=17769.46, eta_min=0.0, new_records=2, checkpoint_saved=no, loaded_cached=0, skipped_existing=0
[2026-04-20T18:14:27Z] checkpoint saved: method=fixed_chunk_bridge_final, papers=7/7, questions=10/10, cache_records=10
[2026-04-20T18:14:27Z] progress: stage=screening retrieval, method=fixed_chunk_bridge_final, representation=current, chunking=fixed_chunk, papers=7/7, questions=10/10, percent=100.0, elapsed_min=0.0, papers_per_min=8402.33, questions_per_min=12003.33, eta_min=0.0, new_records=0, checkpoint_saved=no, loaded_cached=0, skipped_existing=0
[2026-04-20T18:14:27Z] stage complete: stage=screening retrieval, method=fixed_chunk_bridge_final, computed_this_run=10, skipped_existing=0, cache_records=10
[2026-04-20T18:14:27Z] starting retrieval stage=full validation retrieval, method=flat_hybrid_current, representation=current, chunking=paragraph_pair
[2026-04-20T18:14:27Z] checkpoint saved: method=flat_hybrid_current, papers=1/7, questions=5/20, cache_records=5
[2026-04-20T18:14:27Z] progress: stage=full validation retrieval, method=flat_hybrid_current, representation=current, chunking=paragraph_pair, papers=2/7, questions=6/20, percent=30.0, elapsed_min=0.0, papers_per_min=6588.77, questions_per_min=19766.32, eta_min=0.0, new_records=6, checkpoint_saved=no, loaded_cached=0, skipped_existing=0
[2026-04-20T18:14:27Z] checkpoint saved: method=flat_hybrid_current, papers=3/7, questions=10/20, cache_records=10
[2026-04-20T18:14:27Z] progress: stage=full validation retrieval, method=flat_hybrid_current, representation=current, chunking=paragraph_pair, papers=4/7, questions=11/20, percent=55.0, elapsed_min=0.0, papers_per_min=7133.68, questions_per_min=19617.61, eta_min=0.0, new_records=5, checkpoint_saved=no, loaded_cached=0, skipped_existing=0
[2026-04-20T18:14:27Z] checkpoint saved: method=flat_hybrid_current, papers=5/7, questions=15/20, cache_records=15
[2026-04-20T18:14:27Z] progress: stage=full validation retrieval, method=flat_hybrid_current, representation=current, chunking=paragraph_pair, papers=6/7, questions=16/20, percent=80.0, elapsed_min=0.0, papers_per_min=7418.22, questions_per_min=19781.93, eta_min=0.0, new_records=5, checkpoint_saved=no, loaded_cached=0, skipped_existing=0
[2026-04-20T18:14:27Z] progress: stage=full validation retrieval, method=flat_hybrid_current, representation=current, chunking=paragraph_pair, papers=7/7, questions=20/20, percent=100.0, elapsed_min=0.0, papers_per_min=8406.46, questions_per_min=24018.46, eta_min=0.0, new_records=4, checkpoint_saved=no, loaded_cached=0, skipped_existing=0
[2026-04-20T18:14:27Z] checkpoint saved: method=flat_hybrid_current, papers=7/7, questions=20/20, cache_records=20
[2026-04-20T18:14:27Z] progress: stage=full validation retrieval, method=flat_hybrid_current, representation=current, chunking=paragraph_pair, papers=7/7, questions=20/20, percent=100.0, elapsed_min=0.0, papers_per_min=6576.03, questions_per_min=18788.67, eta_min=0.0, new_records=0, checkpoint_saved=no, loaded_cached=0, skipped_existing=0
[2026-04-20T18:14:27Z] stage complete: stage=full validation retrieval, method=flat_hybrid_current, computed_this_run=20, skipped_existing=0, cache_records=20
[2026-04-20T18:14:27Z] starting retrieval stage=full validation retrieval, method=adjacency_hybrid_current, representation=current, chunking=paragraph_pair
[2026-04-20T18:14:27Z] checkpoint saved: method=adjacency_hybrid_current, papers=1/7, questions=5/20, cache_records=5
[2026-04-20T18:14:27Z] progress: stage=full validation retrieval, method=adjacency_hybrid_current, representation=current, chunking=paragraph_pair, papers=2/7, questions=6/20, percent=30.0, elapsed_min=0.0, papers_per_min=7751.44, questions_per_min=23254.32, eta_min=0.0, new_records=6, checkpoint_saved=no, loaded_cached=0, skipped_existing=0
[2026-04-20T18:14:27Z] checkpoint saved: method=adjacency_hybrid_current, papers=3/7, questions=10/20, cache_records=10
[2026-04-20T18:14:27Z] progress: stage=full validation retrieval, method=adjacency_hybrid_current, representation=current, chunking=paragraph_pair, papers=4/7, questions=11/20, percent=55.0, elapsed_min=0.0, papers_per_min=7101.77, questions_per_min=19529.86, eta_min=0.0, new_records=5, checkpoint_saved=no, loaded_cached=0, skipped_existing=0
[2026-04-20T18:14:27Z] checkpoint saved: method=adjacency_hybrid_current, papers=5/7, questions=15/20, cache_records=15
[2026-04-20T18:14:27Z] progress: stage=full validation retrieval, method=adjacency_hybrid_current, representation=current, chunking=paragraph_pair, papers=6/7, questions=16/20, percent=80.0, elapsed_min=0.0, papers_per_min=10652.65, questions_per_min=28407.07, eta_min=0.0, new_records=5, checkpoint_saved=no, loaded_cached=0, skipped_existing=0
[2026-04-20T18:14:27Z] progress: stage=full validation retrieval, method=adjacency_hybrid_current, representation=current, chunking=paragraph_pair, papers=7/7, questions=20/20, percent=100.0, elapsed_min=0.0, papers_per_min=8627.93, questions_per_min=24651.23, eta_min=0.0, new_records=4, checkpoint_saved=no, loaded_cached=0, skipped_existing=0
[2026-04-20T18:14:27Z] checkpoint saved: method=adjacency_hybrid_current, papers=7/7, questions=20/20, cache_records=20
[2026-04-20T18:14:27Z] progress: stage=full validation retrieval, method=adjacency_hybrid_current, representation=current, chunking=paragraph_pair, papers=7/7, questions=20/20, percent=100.0, elapsed_min=0.0, papers_per_min=7103.74, questions_per_min=20296.41, eta_min=0.0, new_records=0, checkpoint_saved=no, loaded_cached=0, skipped_existing=0
[2026-04-20T18:14:27Z] stage complete: stage=full validation retrieval, method=adjacency_hybrid_current, computed_this_run=20, skipped_existing=0, cache_records=20
[2026-04-20T18:14:27Z] starting retrieval stage=full validation retrieval, method=bridge_v2_hybrid_current, representation=current, chunking=paragraph_pair
[2026-04-20T18:14:27Z] checkpoint saved: method=bridge_v2_hybrid_current, papers=1/7, questions=5/20, cache_records=5
[2026-04-20T18:14:27Z] progress: stage=full validation retrieval, method=bridge_v2_hybrid_current, representation=current, chunking=paragraph_pair, papers=2/7, questions=6/20, percent=30.0, elapsed_min=0.0, papers_per_min=4227.24, questions_per_min=12681.72, eta_min=0.0, new_records=6, checkpoint_saved=no, loaded_cached=0, skipped_existing=0
[2026-04-20T18:14:27Z] checkpoint saved: method=bridge_v2_hybrid_current, papers=3/7, questions=10/20, cache_records=10
[2026-04-20T18:14:27Z] progress: stage=full validation retrieval, method=bridge_v2_hybrid_current, representation=current, chunking=paragraph_pair, papers=4/7, questions=11/20, percent=55.0, elapsed_min=0.0, papers_per_min=4703.54, questions_per_min=12934.74, eta_min=0.0, new_records=5, checkpoint_saved=no, loaded_cached=0, skipped_existing=0
[2026-04-20T18:14:27Z] checkpoint saved: method=bridge_v2_hybrid_current, papers=5/7, questions=15/20, cache_records=15
[2026-04-20T18:14:27Z] progress: stage=full validation retrieval, method=bridge_v2_hybrid_current, representation=current, chunking=paragraph_pair, papers=6/7, questions=16/20, percent=80.0, elapsed_min=0.0, papers_per_min=5407.93, questions_per_min=14421.16, eta_min=0.0, new_records=5, checkpoint_saved=no, loaded_cached=0, skipped_existing=0
[2026-04-20T18:14:27Z] progress: stage=full validation retrieval, method=bridge_v2_hybrid_current, representation=current, chunking=paragraph_pair, papers=7/7, questions=20/20, percent=100.0, elapsed_min=0.0, papers_per_min=4926.68, questions_per_min=14076.22, eta_min=0.0, new_records=4, checkpoint_saved=no, loaded_cached=0, skipped_existing=0
[2026-04-20T18:14:27Z] checkpoint saved: method=bridge_v2_hybrid_current, papers=7/7, questions=20/20, cache_records=20
[2026-04-20T18:14:27Z] progress: stage=full validation retrieval, method=bridge_v2_hybrid_current, representation=current, chunking=paragraph_pair, papers=7/7, questions=20/20, percent=100.0, elapsed_min=0.0, papers_per_min=4926.68, questions_per_min=14076.22, eta_min=0.0, new_records=0, checkpoint_saved=no, loaded_cached=0, skipped_existing=0
[2026-04-20T18:14:27Z] stage complete: stage=full validation retrieval, method=bridge_v2_hybrid_current, computed_this_run=20, skipped_existing=0, cache_records=20
[2026-04-20T18:14:27Z] starting retrieval stage=full validation retrieval, method=bridge_final_current, representation=current, chunking=paragraph_pair
[2026-04-20T18:14:27Z] checkpoint saved: method=bridge_final_current, papers=1/7, questions=5/20, cache_records=5
[2026-04-20T18:14:27Z] progress: stage=full validation retrieval, method=bridge_final_current, representation=current, chunking=paragraph_pair, papers=2/7, questions=6/20, percent=30.0, elapsed_min=0.0, papers_per_min=3832.05, questions_per_min=11496.14, eta_min=0.0, new_records=6, checkpoint_saved=no, loaded_cached=0, skipped_existing=0
[2026-04-20T18:14:27Z] checkpoint saved: method=bridge_final_current, papers=3/7, questions=10/20, cache_records=10
[2026-04-20T18:14:27Z] progress: stage=full validation retrieval, method=bridge_final_current, representation=current, chunking=paragraph_pair, papers=4/7, questions=11/20, percent=55.0, elapsed_min=0.0, papers_per_min=4328.47, questions_per_min=11903.29, eta_min=0.0, new_records=5, checkpoint_saved=no, loaded_cached=0, skipped_existing=0
[2026-04-20T18:14:27Z] checkpoint saved: method=bridge_final_current, papers=5/7, questions=15/20, cache_records=15
[2026-04-20T18:14:27Z] progress: stage=full validation retrieval, method=bridge_final_current, representation=current, chunking=paragraph_pair, papers=6/7, questions=16/20, percent=80.0, elapsed_min=0.0, papers_per_min=5566.67, questions_per_min=14844.47, eta_min=0.0, new_records=5, checkpoint_saved=no, loaded_cached=0, skipped_existing=0
[2026-04-20T18:14:27Z] progress: stage=full validation retrieval, method=bridge_final_current, representation=current, chunking=paragraph_pair, papers=7/7, questions=20/20, percent=100.0, elapsed_min=0.0, papers_per_min=4199.76, questions_per_min=11999.32, eta_min=0.0, new_records=4, checkpoint_saved=no, loaded_cached=0, skipped_existing=0
[2026-04-20T18:14:27Z] checkpoint saved: method=bridge_final_current, papers=7/7, questions=20/20, cache_records=20
[2026-04-20T18:14:27Z] progress: stage=full validation retrieval, method=bridge_final_current, representation=current, chunking=paragraph_pair, papers=7/7, questions=20/20, percent=100.0, elapsed_min=0.0, papers_per_min=3985.09, questions_per_min=11385.96, eta_min=0.0, new_records=0, checkpoint_saved=no, loaded_cached=0, skipped_existing=0
[2026-04-20T18:14:27Z] stage complete: stage=full validation retrieval, method=bridge_final_current, computed_this_run=20, skipped_existing=0, cache_records=20
[2026-04-20T18:14:27Z] starting retrieval stage=full validation retrieval, method=fixed_chunk_bridge_final, representation=current, chunking=fixed_chunk
[2026-04-20T18:14:27Z] checkpoint saved: method=fixed_chunk_bridge_final, papers=1/7, questions=5/20, cache_records=5
[2026-04-20T18:14:27Z] progress: stage=full validation retrieval, method=fixed_chunk_bridge_final, representation=current, chunking=fixed_chunk, papers=2/7, questions=6/20, percent=30.0, elapsed_min=0.0, papers_per_min=3047.85, questions_per_min=9143.56, eta_min=0.0, new_records=6, checkpoint_saved=no, loaded_cached=0, skipped_existing=0
[2026-04-20T18:14:27Z] checkpoint saved: method=fixed_chunk_bridge_final, papers=3/7, questions=10/20, cache_records=10
[2026-04-20T18:14:27Z] progress: stage=full validation retrieval, method=fixed_chunk_bridge_final, representation=current, chunking=fixed_chunk, papers=4/7, questions=11/20, percent=55.0, elapsed_min=0.0, papers_per_min=3792.50, questions_per_min=10429.39, eta_min=0.0, new_records=5, checkpoint_saved=no, loaded_cached=0, skipped_existing=0
[2026-04-20T18:14:27Z] checkpoint saved: method=fixed_chunk_bridge_final, papers=5/7, questions=15/20, cache_records=15
[2026-04-20T18:14:27Z] progress: stage=full validation retrieval, method=fixed_chunk_bridge_final, representation=current, chunking=fixed_chunk, papers=6/7, questions=16/20, percent=80.0, elapsed_min=0.0, papers_per_min=4711.75, questions_per_min=12564.65, eta_min=0.0, new_records=5, checkpoint_saved=no, loaded_cached=0, skipped_existing=0
[2026-04-20T18:14:27Z] progress: stage=full validation retrieval, method=fixed_chunk_bridge_final, representation=current, chunking=fixed_chunk, papers=7/7, questions=20/20, percent=100.0, elapsed_min=0.0, papers_per_min=4457.42, questions_per_min=12735.48, eta_min=0.0, new_records=4, checkpoint_saved=no, loaded_cached=0, skipped_existing=0
[2026-04-20T18:14:27Z] checkpoint saved: method=fixed_chunk_bridge_final, papers=7/7, questions=20/20, cache_records=20
[2026-04-20T18:14:27Z] progress: stage=full validation retrieval, method=fixed_chunk_bridge_final, representation=current, chunking=fixed_chunk, papers=7/7, questions=20/20, percent=100.0, elapsed_min=0.0, papers_per_min=3880.35, questions_per_min=11086.71, eta_min=0.0, new_records=0, checkpoint_saved=no, loaded_cached=0, skipped_existing=0
[2026-04-20T18:14:27Z] stage complete: stage=full validation retrieval, method=fixed_chunk_bridge_final, computed_this_run=20, skipped_existing=0, cache_records=20
[2026-04-20T18:14:30Z] checkpoint saved: method=fixed_chunk_bridge_final, papers=1/7, questions=5/20, cache_records=5
[2026-04-20T18:14:31Z] progress: stage=finalist answer eval, method=fixed_chunk_bridge_final, representation=current, chunking=fixed_chunk, papers=2/7, questions=7/20, percent=35.0, elapsed_min=0.1, papers_per_min=38.23, questions_per_min=133.81, eta_min=0.1, new_records=7, checkpoint_saved=no, loaded_cached=0, skipped_existing=0
[2026-04-20T18:14:32Z] checkpoint saved: method=fixed_chunk_bridge_final, papers=3/7, questions=10/20, cache_records=10
[2026-04-20T18:14:32Z] progress: stage=finalist answer eval, method=fixed_chunk_bridge_final, representation=current, chunking=fixed_chunk, papers=4/7, questions=11/20, percent=55.0, elapsed_min=0.1, papers_per_min=52.28, questions_per_min=143.78, eta_min=0.1, new_records=4, checkpoint_saved=no, loaded_cached=0, skipped_existing=0
[2026-04-20T18:14:33Z] checkpoint saved: method=fixed_chunk_bridge_final, papers=5/7, questions=15/20, cache_records=15
[2026-04-20T18:14:34Z] progress: stage=finalist answer eval, method=fixed_chunk_bridge_final, representation=current, chunking=fixed_chunk, papers=6/7, questions=16/20, percent=80.0, elapsed_min=0.1, papers_per_min=56.80, questions_per_min=151.46, eta_min=0.0, new_records=5, checkpoint_saved=no, loaded_cached=0, skipped_existing=0
[2026-04-20T18:14:35Z] progress: stage=finalist answer eval, method=fixed_chunk_bridge_final, representation=current, chunking=fixed_chunk, papers=7/7, questions=20/20, percent=100.0, elapsed_min=0.1, papers_per_min=52.80, questions_per_min=150.86, eta_min=0.0, new_records=4, checkpoint_saved=no, loaded_cached=0, skipped_existing=0
[2026-04-20T18:14:35Z] checkpoint saved: method=fixed_chunk_bridge_final, papers=7/7, questions=20/20, cache_records=20
[2026-04-20T18:14:35Z] progress: stage=finalist answer eval, method=fixed_chunk_bridge_final, representation=current, chunking=fixed_chunk, papers=7/7, questions=20/20, percent=100.0, elapsed_min=0.1, papers_per_min=52.75, questions_per_min=150.72, eta_min=0.0, new_records=0, checkpoint_saved=no, loaded_cached=0, skipped_existing=0
[2026-04-20T18:14:35Z] stage complete: stage=finalist answer eval, method=fixed_chunk_bridge_final, computed_this_run=20, skipped_existing=0, cache_records=20
[2026-04-20T18:14:37Z] checkpoint saved: method=flat_hybrid_current, papers=1/7, questions=5/20, cache_records=5
[2026-04-20T18:14:38Z] progress: stage=finalist answer eval, method=flat_hybrid_current, representation=current, chunking=paragraph_pair, papers=2/7, questions=7/20, percent=35.0, elapsed_min=0.0, papers_per_min=46.22, questions_per_min=161.75, eta_min=0.1, new_records=7, checkpoint_saved=no, loaded_cached=0, skipped_existing=0
[2026-04-20T18:14:39Z] checkpoint saved: method=flat_hybrid_current, papers=3/7, questions=10/20, cache_records=10
[2026-04-20T18:14:40Z] progress: stage=finalist answer eval, method=flat_hybrid_current, representation=current, chunking=paragraph_pair, papers=4/7, questions=11/20, percent=55.0, elapsed_min=0.1, papers_per_min=56.08, questions_per_min=154.23, eta_min=0.1, new_records=4, checkpoint_saved=no, loaded_cached=0, skipped_existing=0
[2026-04-20T18:14:42Z] checkpoint saved: method=flat_hybrid_current, papers=5/7, questions=15/20, cache_records=15
[2026-04-20T18:14:42Z] progress: stage=finalist answer eval, method=flat_hybrid_current, representation=current, chunking=paragraph_pair, papers=6/7, questions=16/20, percent=80.0, elapsed_min=0.1, papers_per_min=56.79, questions_per_min=151.45, eta_min=0.0, new_records=5, checkpoint_saved=no, loaded_cached=0, skipped_existing=0
[2026-04-20T18:14:43Z] progress: stage=finalist answer eval, method=flat_hybrid_current, representation=current, chunking=paragraph_pair, papers=7/7, questions=20/20, percent=100.0, elapsed_min=0.1, papers_per_min=53.27, questions_per_min=152.19, eta_min=0.0, new_records=4, checkpoint_saved=no, loaded_cached=0, skipped_existing=0
[2026-04-20T18:14:43Z] checkpoint saved: method=flat_hybrid_current, papers=7/7, questions=20/20, cache_records=20
[2026-04-20T18:14:43Z] progress: stage=finalist answer eval, method=flat_hybrid_current, representation=current, chunking=paragraph_pair, papers=7/7, questions=20/20, percent=100.0, elapsed_min=0.1, papers_per_min=53.21, questions_per_min=152.02, eta_min=0.0, new_records=0, checkpoint_saved=no, loaded_cached=0, skipped_existing=0
[2026-04-20T18:14:43Z] stage complete: stage=finalist answer eval, method=flat_hybrid_current, computed_this_run=20, skipped_existing=0, cache_records=20
[2026-04-20T18:14:44Z] Bucket 4 complete: selected_candidate=fixed_chunk_bridge_final
