[2026-04-21T00:20:40Z] starting Bucket 5 final reporting bundle
[2026-04-21T00:20:50Z] Bucket 5 lock confirmed | final_method=flat_hybrid_current | baseline_method=bridge_final_current | dataset=data/qasper_test_full.json
[2026-04-21T00:22:21Z] prepared held-out bundle | papers=7 | questions=20
[2026-04-21T00:22:21Z] starting retrieval stage=final held-out retrieval, method=flat_hybrid_current, representation=current, chunking=paragraph_pair
[2026-04-21T00:22:21Z] final held-out retrieval | method=flat_hybrid_current | papers=7/7 | questions=20/20 | 100.0% | elapsed=00:00:00 | papers/min=10896.32 | q/min=31132.34 | eta=00:00:00 | new_cache=20 | checkpoint_saved=no | loaded_cached=0 | skipped_existing=0
[2026-04-21T00:22:21Z] checkpoint saved | stage=final held-out retrieval | method=flat_hybrid_current | papers=7/7 | questions=20/20 | cache_records=20
[2026-04-21T00:22:21Z] final held-out retrieval | method=flat_hybrid_current | papers=7/7 | questions=20/20 | 100.0% | elapsed=00:00:00 | papers/min=8232.85 | q/min=23522.43 | eta=00:00:00 | new_cache=0 | checkpoint_saved=no | loaded_cached=0 | skipped_existing=0
[2026-04-21T00:22:21Z] stage complete | stage=final held-out retrieval | method=flat_hybrid_current | computed_this_run=20 | skipped_existing=0 | cache_records=20
[2026-04-21T00:22:21Z] starting retrieval stage=final held-out retrieval, method=bridge_final_current, representation=current, chunking=paragraph_pair
[2026-04-21T00:22:22Z] final held-out retrieval | method=bridge_final_current | papers=7/7 | questions=20/20 | 100.0% | elapsed=00:00:00 | papers/min=3930.68 | q/min=11230.51 | eta=00:00:00 | new_cache=20 | checkpoint_saved=no | loaded_cached=0 | skipped_existing=0
[2026-04-21T00:22:22Z] checkpoint saved | stage=final held-out retrieval | method=bridge_final_current | papers=7/7 | questions=20/20 | cache_records=20
[2026-04-21T00:22:22Z] final held-out retrieval | method=bridge_final_current | papers=7/7 | questions=20/20 | 100.0% | elapsed=00:00:00 | papers/min=3500.80 | q/min=10002.29 | eta=00:00:00 | new_cache=0 | checkpoint_saved=no | loaded_cached=0 | skipped_existing=0
[2026-04-21T00:22:22Z] stage complete | stage=final held-out retrieval | method=bridge_final_current | computed_this_run=20 | skipped_existing=0 | cache_records=20
[2026-04-21T00:22:30Z] finalist answer eval | method=flat_hybrid_current | papers=7/7 | questions=20/20 | 100.0% | elapsed=00:00:07 | papers/min=58.95 | q/min=168.44 | eta=00:00:00 | new_cache=20 | checkpoint_saved=no | loaded_cached=0 | skipped_existing=0
[2026-04-21T00:22:30Z] checkpoint saved | stage=finalist answer eval | method=flat_hybrid_current | papers=7/7 | questions=20/20 | cache_records=20
[2026-04-21T00:22:30Z] finalist answer eval | method=flat_hybrid_current | papers=7/7 | questions=20/20 | 100.0% | elapsed=00:00:07 | papers/min=58.86 | q/min=168.18 | eta=00:00:00 | new_cache=0 | checkpoint_saved=no | loaded_cached=0 | skipped_existing=0
[2026-04-21T00:22:30Z] stage complete | stage=finalist answer eval | method=flat_hybrid_current | computed_this_run=20 | skipped_existing=0 | cache_records=20
[2026-04-21T00:22:37Z] finalist answer eval | method=bridge_final_current | papers=7/7 | questions=20/20 | 100.0% | elapsed=00:00:06 | papers/min=62.36 | q/min=178.18 | eta=00:00:00 | new_cache=20 | checkpoint_saved=no | loaded_cached=0 | skipped_existing=0
[2026-04-21T00:22:37Z] checkpoint saved | stage=finalist answer eval | method=bridge_final_current | papers=7/7 | questions=20/20 | cache_records=20
[2026-04-21T00:22:37Z] finalist answer eval | method=bridge_final_current | papers=7/7 | questions=20/20 | 100.0% | elapsed=00:00:06 | papers/min=62.23 | q/min=177.79 | eta=00:00:00 | new_cache=0 | checkpoint_saved=no | loaded_cached=0 | skipped_existing=0
[2026-04-21T00:22:37Z] stage complete | stage=finalist answer eval | method=bridge_final_current | computed_this_run=20 | skipped_existing=0 | cache_records=20
[2026-04-21T00:22:38Z] Bucket 5 complete | final_method=flat_hybrid_current | baseline_method=bridge_final_current | questions=20
[2026-04-21T00:22:49Z] starting Bucket 5 final reporting bundle
[2026-04-21T00:23:07Z] Bucket 5 lock confirmed | final_method=flat_hybrid_current | baseline_method=bridge_final_current | dataset=data/qasper_test_full.json
[2026-04-21T01:23:25Z] starting Bucket 5 final reporting bundle
[2026-04-21T01:23:38Z] Bucket 5 lock confirmed | final_method=flat_hybrid_current | baseline_method=bridge_final_current | dataset=data/qasper_test_full.json
[2026-04-21T03:04:49Z] prepared held-out bundle | papers=416 | questions=1451
[2026-04-21T03:04:49Z] starting retrieval stage=final held-out retrieval, method=flat_hybrid_current, representation=current, chunking=paragraph_pair
[2026-04-21T03:04:49Z] checkpoint saved | stage=final held-out retrieval | method=flat_hybrid_current | papers=8/416 | questions=25/1451 | cache_records=25
[2026-04-21T03:04:49Z] final held-out retrieval | method=flat_hybrid_current | papers=10/416 | questions=33/1451 | 2.3% | elapsed=00:00:00 | papers/min=8764.79 | q/min=28923.82 | eta=00:00:02 | new_cache=33 | checkpoint_saved=no | loaded_cached=0 | skipped_existing=0
[2026-04-21T03:04:49Z] checkpoint saved | stage=final held-out retrieval | method=flat_hybrid_current | papers=15/416 | questions=50/1451 | cache_records=50
[2026-04-21T03:04:50Z] final held-out retrieval | method=flat_hybrid_current | papers=20/416 | questions=74/1451 | 5.1% | elapsed=00:00:00 | papers/min=7001.92 | q/min=25907.12 | eta=00:00:03 | new_cache=41 | checkpoint_saved=no | loaded_cached=0 | skipped_existing=0
[2026-04-21T03:04:50Z] checkpoint saved | stage=final held-out retrieval | method=flat_hybrid_current | papers=20/416 | questions=75/1451 | cache_records=75
[2026-04-21T03:04:50Z] checkpoint saved | stage=final held-out retrieval | method=flat_hybrid_current | papers=28/416 | questions=100/1451 | cache_records=100
[2026-04-21T03:04:50Z] final held-out retrieval | method=flat_hybrid_current | papers=30/416 | questions=105/1451 | 7.2% | elapsed=00:00:00 | papers/min=6647.38 | q/min=23265.85 | eta=00:00:03 | new_cache=31 | checkpoint_saved=no | loaded_cached=0 | skipped_existing=0
[2026-04-21T03:04:50Z] checkpoint saved | stage=final held-out retrieval | method=flat_hybrid_current | papers=36/416 | questions=125/1451 | cache_records=125
[2026-04-21T03:04:50Z] final held-out retrieval | method=flat_hybrid_current | papers=40/416 | questions=139/1451 | 9.6% | elapsed=00:00:00 | papers/min=7171.28 | q/min=24920.21 | eta=00:00:03 | new_cache=34 | checkpoint_saved=no | loaded_cached=0 | skipped_existing=0
[2026-04-21T03:04:50Z] checkpoint saved | stage=final held-out retrieval | method=flat_hybrid_current | papers=43/416 | questions=150/1451 | cache_records=150
[2026-04-21T03:04:50Z] final held-out retrieval | method=flat_hybrid_current | papers=50/416 | questions=175/1451 | 12.1% | elapsed=00:00:00 | papers/min=6956.83 | q/min=24348.90 | eta=00:00:03 | new_cache=36 | checkpoint_saved=no | loaded_cached=0 | skipped_existing=0
[2026-04-21T03:04:50Z] checkpoint saved | stage=final held-out retrieval | method=flat_hybrid_current | papers=50/416 | questions=175/1451 | cache_records=175
[2026-04-21T03:04:50Z] checkpoint saved | stage=final held-out retrieval | method=flat_hybrid_current | papers=57/416 | questions=200/1451 | cache_records=200
[2026-04-21T03:04:50Z] final held-out retrieval | method=flat_hybrid_current | papers=60/416 | questions=209/1451 | 14.4% | elapsed=00:00:00 | papers/min=7408.68 | q/min=25806.90 | eta=00:00:02 | new_cache=34 | checkpoint_saved=no | loaded_cached=0 | skipped_existing=0
[2026-04-21T03:04:50Z] checkpoint saved | stage=final held-out retrieval | method=flat_hybrid_current | papers=65/416 | questions=225/1451 | cache_records=225
[2026-04-21T03:04:50Z] final held-out retrieval | method=flat_hybrid_current | papers=70/416 | questions=241/1451 | 16.6% | elapsed=00:00:00 | papers/min=7624.45 | q/min=26249.89 | eta=00:00:02 | new_cache=32 | checkpoint_saved=no | loaded_cached=0 | skipped_existing=0
[2026-04-21T03:04:50Z] checkpoint saved | stage=final held-out retrieval | method=flat_hybrid_current | papers=72/416 | questions=250/1451 | cache_records=250
[2026-04-21T03:04:50Z] final held-out retrieval | method=flat_hybrid_current | papers=80/416 | questions=275/1451 | 19.0% | elapsed=00:00:00 | papers/min=7759.97 | q/min=26674.89 | eta=00:00:02 | new_cache=34 | checkpoint_saved=no | loaded_cached=0 | skipped_existing=0
[2026-04-21T03:04:50Z] checkpoint saved | stage=final held-out retrieval | method=flat_hybrid_current | papers=80/416 | questions=275/1451 | cache_records=275
[2026-04-21T03:04:50Z] checkpoint saved | stage=final held-out retrieval | method=flat_hybrid_current | papers=86/416 | questions=300/1451 | cache_records=300
[2026-04-21T03:04:50Z] final held-out retrieval | method=flat_hybrid_current | papers=90/416 | questions=314/1451 | 21.6% | elapsed=00:00:00 | papers/min=7909.42 | q/min=27595.09 | eta=00:00:02 | new_cache=39 | checkpoint_saved=no | loaded_cached=0 | skipped_existing=0
[2026-04-21T03:04:50Z] checkpoint saved | stage=final held-out retrieval | method=flat_hybrid_current | papers=93/416 | questions=325/1451 | cache_records=325
[2026-04-21T03:04:50Z] final held-out retrieval | method=flat_hybrid_current | papers=100/416 | questions=348/1451 | 24.0% | elapsed=00:00:00 | papers/min=7981.20 | q/min=27774.57 | eta=00:00:02 | new_cache=34 | checkpoint_saved=no | loaded_cached=0 | skipped_existing=0
[2026-04-21T03:04:50Z] checkpoint saved | stage=final held-out retrieval | method=flat_hybrid_current | papers=101/416 | questions=350/1451 | cache_records=350
[2026-04-21T03:04:50Z] checkpoint saved | stage=final held-out retrieval | method=flat_hybrid_current | papers=108/416 | questions=375/1451 | cache_records=375
[2026-04-21T03:04:50Z] final held-out retrieval | method=flat_hybrid_current | papers=110/416 | questions=381/1451 | 26.3% | elapsed=00:00:00 | papers/min=7903.43 | q/min=27374.59 | eta=00:00:02 | new_cache=33 | checkpoint_saved=no | loaded_cached=0 | skipped_existing=0
[2026-04-21T03:04:50Z] checkpoint saved | stage=final held-out retrieval | method=flat_hybrid_current | papers=115/416 | questions=400/1451 | cache_records=400
[2026-04-21T03:04:50Z] final held-out retrieval | method=flat_hybrid_current | papers=120/416 | questions=414/1451 | 28.5% | elapsed=00:00:00 | papers/min=7939.71 | q/min=27392.01 | eta=00:00:02 | new_cache=33 | checkpoint_saved=no | loaded_cached=0 | skipped_existing=0
[2026-04-21T03:04:50Z] checkpoint saved | stage=final held-out retrieval | method=flat_hybrid_current | papers=123/416 | questions=425/1451 | cache_records=425
[2026-04-21T03:04:50Z] checkpoint saved | stage=final held-out retrieval | method=flat_hybrid_current | papers=129/416 | questions=450/1451 | cache_records=450
[2026-04-21T03:04:50Z] final held-out retrieval | method=flat_hybrid_current | papers=130/416 | questions=451/1451 | 31.1% | elapsed=00:00:00 | papers/min=7816.55 | q/min=27117.42 | eta=00:00:02 | new_cache=37 | checkpoint_saved=no | loaded_cached=0 | skipped_existing=0
[2026-04-21T03:04:50Z] checkpoint saved | stage=final held-out retrieval | method=flat_hybrid_current | papers=137/416 | questions=475/1451 | cache_records=475
[2026-04-21T03:04:50Z] final held-out retrieval | method=flat_hybrid_current | papers=140/416 | questions=492/1451 | 33.9% | elapsed=00:00:01 | papers/min=7990.57 | q/min=28081.14 | eta=00:00:02 | new_cache=41 | checkpoint_saved=no | loaded_cached=0 | skipped_existing=0
[2026-04-21T03:04:50Z] checkpoint saved | stage=final held-out retrieval | method=flat_hybrid_current | papers=143/416 | questions=500/1451 | cache_records=500
[2026-04-21T03:04:51Z] final held-out retrieval | method=flat_hybrid_current | papers=150/416 | questions=525/1451 | 36.2% | elapsed=00:00:01 | papers/min=7917.80 | q/min=27712.29 | eta=00:00:02 | new_cache=33 | checkpoint_saved=no | loaded_cached=0 | skipped_existing=0
[2026-04-21T03:04:51Z] checkpoint saved | stage=final held-out retrieval | method=flat_hybrid_current | papers=150/416 | questions=525/1451 | cache_records=525
[2026-04-21T03:04:51Z] checkpoint saved | stage=final held-out retrieval | method=flat_hybrid_current | papers=156/416 | questions=550/1451 | cache_records=550
[2026-04-21T03:04:51Z] final held-out retrieval | method=flat_hybrid_current | papers=160/416 | questions=561/1451 | 38.7% | elapsed=00:00:01 | papers/min=7882.04 | q/min=27636.42 | eta=00:00:01 | new_cache=36 | checkpoint_saved=no | loaded_cached=0 | skipped_existing=0
[2026-04-21T03:04:51Z] checkpoint saved | stage=final held-out retrieval | method=flat_hybrid_current | papers=165/416 | questions=575/1451 | cache_records=575
[2026-04-21T03:04:51Z] final held-out retrieval | method=flat_hybrid_current | papers=170/416 | questions=591/1451 | 40.7% | elapsed=00:00:01 | papers/min=7952.31 | q/min=27645.99 | eta=00:00:01 | new_cache=30 | checkpoint_saved=no | loaded_cached=0 | skipped_existing=0
[2026-04-21T03:04:51Z] checkpoint saved | stage=final held-out retrieval | method=flat_hybrid_current | papers=171/416 | questions=600/1451 | cache_records=600
[2026-04-21T03:04:51Z] checkpoint saved | stage=final held-out retrieval | method=flat_hybrid_current | papers=179/416 | questions=625/1451 | cache_records=625
[2026-04-21T03:04:51Z] final held-out retrieval | method=flat_hybrid_current | papers=180/416 | questions=627/1451 | 43.2% | elapsed=00:00:01 | papers/min=7882.04 | q/min=27455.77 | eta=00:00:01 | new_cache=36 | checkpoint_saved=no | loaded_cached=0 | skipped_existing=0
[2026-04-21T03:04:51Z] checkpoint saved | stage=final held-out retrieval | method=flat_hybrid_current | papers=186/416 | questions=650/1451 | cache_records=650
[2026-04-21T03:04:51Z] final held-out retrieval | method=flat_hybrid_current | papers=190/416 | questions=661/1451 | 45.6% | elapsed=00:00:01 | papers/min=7954.71 | q/min=27674.01 | eta=00:00:01 | new_cache=34 | checkpoint_saved=no | loaded_cached=0 | skipped_existing=0
[2026-04-21T03:04:51Z] checkpoint saved | stage=final held-out retrieval | method=flat_hybrid_current | papers=195/416 | questions=675/1451 | cache_records=675
[2026-04-21T03:04:51Z] final held-out retrieval | method=flat_hybrid_current | papers=200/416 | questions=690/1451 | 47.6% | elapsed=00:00:01 | papers/min=8005.30 | q/min=27618.27 | eta=00:00:01 | new_cache=29 | checkpoint_saved=no | loaded_cached=0 | skipped_existing=0
[2026-04-21T03:04:51Z] checkpoint saved | stage=final held-out retrieval | method=flat_hybrid_current | papers=205/416 | questions=700/1451 | cache_records=700
[2026-04-21T03:04:51Z] final held-out retrieval | method=flat_hybrid_current | papers=210/416 | questions=718/1451 | 49.5% | elapsed=00:00:01 | papers/min=8120.87 | q/min=27765.65 | eta=00:00:01 | new_cache=28 | checkpoint_saved=no | loaded_cached=0 | skipped_existing=0
[2026-04-21T03:04:51Z] checkpoint saved | stage=final held-out retrieval | method=flat_hybrid_current | papers=211/416 | questions=725/1451 | cache_records=725
[2026-04-21T03:04:51Z] checkpoint saved | stage=final held-out retrieval | method=flat_hybrid_current | papers=217/416 | questions=750/1451 | cache_records=750
[2026-04-21T03:04:51Z] final held-out retrieval | method=flat_hybrid_current | papers=220/416 | questions=757/1451 | 52.2% | elapsed=00:00:01 | papers/min=8062.42 | q/min=27742.04 | eta=00:00:01 | new_cache=39 | checkpoint_saved=no | loaded_cached=0 | skipped_existing=0
[2026-04-21T03:04:51Z] checkpoint saved | stage=final held-out retrieval | method=flat_hybrid_current | papers=223/416 | questions=775/1451 | cache_records=775
[2026-04-21T03:04:51Z] final held-out retrieval | method=flat_hybrid_current | papers=230/416 | questions=794/1451 | 54.7% | elapsed=00:00:01 | papers/min=8120.71 | q/min=28034.11 | eta=00:00:01 | new_cache=37 | checkpoint_saved=no | loaded_cached=0 | skipped_existing=0
[2026-04-21T03:04:51Z] checkpoint saved | stage=final held-out retrieval | method=flat_hybrid_current | papers=231/416 | questions=800/1451 | cache_records=800
[2026-04-21T03:04:51Z] checkpoint saved | stage=final held-out retrieval | method=flat_hybrid_current | papers=239/416 | questions=825/1451 | cache_records=825
[2026-04-21T03:04:51Z] final held-out retrieval | method=flat_hybrid_current | papers=240/416 | questions=826/1451 | 56.9% | elapsed=00:00:01 | papers/min=7991.60 | q/min=27504.44 | eta=00:00:01 | new_cache=32 | checkpoint_saved=no | loaded_cached=0 | skipped_existing=0
[2026-04-21T03:04:51Z] checkpoint saved | stage=final held-out retrieval | method=flat_hybrid_current | papers=246/416 | questions=850/1451 | cache_records=850
[2026-04-21T03:04:51Z] final held-out retrieval | method=flat_hybrid_current | papers=250/416 | questions=864/1451 | 59.5% | elapsed=00:00:01 | papers/min=7998.72 | q/min=27643.59 | eta=00:00:01 | new_cache=38 | checkpoint_saved=no | loaded_cached=0 | skipped_existing=0
[2026-04-21T03:04:51Z] checkpoint saved | stage=final held-out retrieval | method=flat_hybrid_current | papers=253/416 | questions=875/1451 | cache_records=875
[2026-04-21T03:04:51Z] final held-out retrieval | method=flat_hybrid_current | papers=260/416 | questions=900/1451 | 62.0% | elapsed=00:00:01 | papers/min=7996.41 | q/min=27679.88 | eta=00:00:01 | new_cache=36 | checkpoint_saved=no | loaded_cached=0 | skipped_existing=0
[2026-04-21T03:04:51Z] checkpoint saved | stage=final held-out retrieval | method=flat_hybrid_current | papers=260/416 | questions=900/1451 | cache_records=900
[2026-04-21T03:04:51Z] checkpoint saved | stage=final held-out retrieval | method=flat_hybrid_current | papers=266/416 | questions=925/1451 | cache_records=925
[2026-04-21T03:04:51Z] final held-out retrieval | method=flat_hybrid_current | papers=270/416 | questions=938/1451 | 64.6% | elapsed=00:00:02 | papers/min=7965.57 | q/min=27672.98 | eta=00:00:01 | new_cache=38 | checkpoint_saved=no | loaded_cached=0 | skipped_existing=0
[2026-04-21T03:04:51Z] checkpoint saved | stage=final held-out retrieval | method=flat_hybrid_current | papers=274/416 | questions=950/1451 | cache_records=950
[2026-04-21T03:04:51Z] final held-out retrieval | method=flat_hybrid_current | papers=280/416 | questions=970/1451 | 66.9% | elapsed=00:00:02 | papers/min=8002.10 | q/min=27721.56 | eta=00:00:01 | new_cache=32 | checkpoint_saved=no | loaded_cached=0 | skipped_existing=0
[2026-04-21T03:04:51Z] checkpoint saved | stage=final held-out retrieval | method=flat_hybrid_current | papers=281/416 | questions=975/1451 | cache_records=975
[2026-04-21T03:04:52Z] checkpoint saved | stage=final held-out retrieval | method=flat_hybrid_current | papers=287/416 | questions=1000/1451 | cache_records=1000
[2026-04-21T03:04:52Z] final held-out retrieval | method=flat_hybrid_current | papers=290/416 | questions=1008/1451 | 69.5% | elapsed=00:00:02 | papers/min=7968.34 | q/min=27696.85 | eta=00:00:00 | new_cache=38 | checkpoint_saved=no | loaded_cached=0 | skipped_existing=0
[2026-04-21T03:04:52Z] checkpoint saved | stage=final held-out retrieval | method=flat_hybrid_current | papers=295/416 | questions=1025/1451 | cache_records=1025
[2026-04-21T03:04:52Z] final held-out retrieval | method=flat_hybrid_current | papers=300/416 | questions=1044/1451 | 72.0% | elapsed=00:00:02 | papers/min=7994.27 | q/min=27820.06 | eta=00:00:00 | new_cache=36 | checkpoint_saved=no | loaded_cached=0 | skipped_existing=0
[2026-04-21T03:04:52Z] checkpoint saved | stage=final held-out retrieval | method=flat_hybrid_current | papers=302/416 | questions=1050/1451 | cache_records=1050
[2026-04-21T03:04:52Z] checkpoint saved | stage=final held-out retrieval | method=flat_hybrid_current | papers=308/416 | questions=1075/1451 | cache_records=1075
[2026-04-21T03:04:52Z] final held-out retrieval | method=flat_hybrid_current | papers=310/416 | questions=1079/1451 | 74.4% | elapsed=00:00:02 | papers/min=7967.24 | q/min=27731.13 | eta=00:00:00 | new_cache=35 | checkpoint_saved=no | loaded_cached=0 | skipped_existing=0
[2026-04-21T03:04:52Z] checkpoint saved | stage=final held-out retrieval | method=flat_hybrid_current | papers=316/416 | questions=1100/1451 | cache_records=1100
[2026-04-21T03:04:52Z] final held-out retrieval | method=flat_hybrid_current | papers=320/416 | questions=1114/1451 | 76.8% | elapsed=00:00:02 | papers/min=7986.10 | q/min=27801.63 | eta=00:00:00 | new_cache=35 | checkpoint_saved=no | loaded_cached=0 | skipped_existing=0
[2026-04-21T03:04:52Z] checkpoint saved | stage=final held-out retrieval | method=flat_hybrid_current | papers=322/416 | questions=1125/1451 | cache_records=1125
[2026-04-21T03:04:52Z] final held-out retrieval | method=flat_hybrid_current | papers=330/416 | questions=1143/1451 | 78.8% | elapsed=00:00:02 | papers/min=8056.84 | q/min=27905.97 | eta=00:00:00 | new_cache=29 | checkpoint_saved=no | loaded_cached=0 | skipped_existing=0
[2026-04-21T03:04:52Z] checkpoint saved | stage=final held-out retrieval | method=flat_hybrid_current | papers=332/416 | questions=1150/1451 | cache_records=1150
[2026-04-21T03:04:52Z] checkpoint saved | stage=final held-out retrieval | method=flat_hybrid_current | papers=338/416 | questions=1175/1451 | cache_records=1175
[2026-04-21T03:04:52Z] final held-out retrieval | method=flat_hybrid_current | papers=340/416 | questions=1180/1451 | 81.3% | elapsed=00:00:02 | papers/min=8054.56 | q/min=27954.05 | eta=00:00:00 | new_cache=37 | checkpoint_saved=no | loaded_cached=0 | skipped_existing=0
[2026-04-21T03:04:52Z] checkpoint saved | stage=final held-out retrieval | method=flat_hybrid_current | papers=345/416 | questions=1200/1451 | cache_records=1200
[2026-04-21T03:04:52Z] final held-out retrieval | method=flat_hybrid_current | papers=350/416 | questions=1217/1451 | 83.9% | elapsed=00:00:02 | papers/min=8021.15 | q/min=27890.70 | eta=00:00:00 | new_cache=37 | checkpoint_saved=no | loaded_cached=0 | skipped_existing=0
[2026-04-21T03:04:52Z] checkpoint saved | stage=final held-out retrieval | method=flat_hybrid_current | papers=351/416 | questions=1225/1451 | cache_records=1225
[2026-04-21T03:04:52Z] checkpoint saved | stage=final held-out retrieval | method=flat_hybrid_current | papers=359/416 | questions=1250/1451 | cache_records=1250
[2026-04-21T03:04:52Z] final held-out retrieval | method=flat_hybrid_current | papers=360/416 | questions=1251/1451 | 86.2% | elapsed=00:00:02 | papers/min=7995.19 | q/min=27783.29 | eta=00:00:00 | new_cache=34 | checkpoint_saved=no | loaded_cached=0 | skipped_existing=0
[2026-04-21T03:04:52Z] checkpoint saved | stage=final held-out retrieval | method=flat_hybrid_current | papers=367/416 | questions=1275/1451 | cache_records=1275
[2026-04-21T03:04:52Z] final held-out retrieval | method=flat_hybrid_current | papers=370/416 | questions=1281/1451 | 88.3% | elapsed=00:00:02 | papers/min=8051.53 | q/min=27875.71 | eta=00:00:00 | new_cache=30 | checkpoint_saved=no | loaded_cached=0 | skipped_existing=0
[2026-04-21T03:04:52Z] checkpoint saved | stage=final held-out retrieval | method=flat_hybrid_current | papers=374/416 | questions=1300/1451 | cache_records=1300
[2026-04-21T03:04:52Z] final held-out retrieval | method=flat_hybrid_current | papers=380/416 | questions=1319/1451 | 90.9% | elapsed=00:00:02 | papers/min=8097.36 | q/min=28106.35 | eta=00:00:00 | new_cache=38 | checkpoint_saved=no | loaded_cached=0 | skipped_existing=0
[2026-04-21T03:04:52Z] checkpoint saved | stage=final held-out retrieval | method=flat_hybrid_current | papers=381/416 | questions=1325/1451 | cache_records=1325
[2026-04-21T03:04:52Z] checkpoint saved | stage=final held-out retrieval | method=flat_hybrid_current | papers=388/416 | questions=1350/1451 | cache_records=1350
[2026-04-21T03:04:52Z] final held-out retrieval | method=flat_hybrid_current | papers=390/416 | questions=1355/1451 | 93.4% | elapsed=00:00:02 | papers/min=8053.86 | q/min=27981.99 | eta=00:00:00 | new_cache=36 | checkpoint_saved=no | loaded_cached=0 | skipped_existing=0
[2026-04-21T03:04:52Z] checkpoint saved | stage=final held-out retrieval | method=flat_hybrid_current | papers=396/416 | questions=1375/1451 | cache_records=1375
[2026-04-21T03:04:52Z] final held-out retrieval | method=flat_hybrid_current | papers=400/416 | questions=1387/1451 | 95.6% | elapsed=00:00:02 | papers/min=8120.52 | q/min=28157.90 | eta=00:00:00 | new_cache=32 | checkpoint_saved=no | loaded_cached=0 | skipped_existing=0
[2026-04-21T03:04:52Z] checkpoint saved | stage=final held-out retrieval | method=flat_hybrid_current | papers=403/416 | questions=1400/1451 | cache_records=1400
[2026-04-21T03:04:52Z] final held-out retrieval | method=flat_hybrid_current | papers=410/416 | questions=1425/1451 | 98.2% | elapsed=00:00:03 | papers/min=8112.38 | q/min=28195.46 | eta=00:00:00 | new_cache=38 | checkpoint_saved=no | loaded_cached=0 | skipped_existing=0
[2026-04-21T03:04:52Z] checkpoint saved | stage=final held-out retrieval | method=flat_hybrid_current | papers=410/416 | questions=1425/1451 | cache_records=1425
[2026-04-21T03:04:52Z] checkpoint saved | stage=final held-out retrieval | method=flat_hybrid_current | papers=415/416 | questions=1450/1451 | cache_records=1450
[2026-04-21T03:04:52Z] final held-out retrieval | method=flat_hybrid_current | papers=416/416 | questions=1451/1451 | 100.0% | elapsed=00:00:03 | papers/min=8073.99 | q/min=28161.93 | eta=00:00:00 | new_cache=26 | checkpoint_saved=no | loaded_cached=0 | skipped_existing=0
[2026-04-21T03:04:52Z] checkpoint saved | stage=final held-out retrieval | method=flat_hybrid_current | papers=416/416 | questions=1451/1451 | cache_records=1451
[2026-04-21T03:04:52Z] final held-out retrieval | method=flat_hybrid_current | papers=416/416 | questions=1451/1451 | 100.0% | elapsed=00:00:03 | papers/min=8053.32 | q/min=28089.83 | eta=00:00:00 | new_cache=0 | checkpoint_saved=no | loaded_cached=0 | skipped_existing=0
[2026-04-21T03:04:52Z] stage complete | stage=final held-out retrieval | method=flat_hybrid_current | computed_this_run=1451 | skipped_existing=0 | cache_records=1451
[2026-04-21T03:04:52Z] starting retrieval stage=final held-out retrieval, method=bridge_final_current, representation=current, chunking=paragraph_pair
[2026-04-21T03:04:53Z] checkpoint saved | stage=final held-out retrieval | method=bridge_final_current | papers=8/416 | questions=25/1451 | cache_records=25
[2026-04-21T03:04:53Z] final held-out retrieval | method=bridge_final_current | papers=10/416 | questions=33/1451 | 2.3% | elapsed=00:00:00 | papers/min=4577.89 | q/min=15107.05 | eta=00:00:05 | new_cache=33 | checkpoint_saved=no | loaded_cached=0 | skipped_existing=0
[2026-04-21T03:04:53Z] checkpoint saved | stage=final held-out retrieval | method=bridge_final_current | papers=15/416 | questions=50/1451 | cache_records=50
[2026-04-21T03:04:53Z] final held-out retrieval | method=bridge_final_current | papers=20/416 | questions=74/1451 | 5.1% | elapsed=00:00:00 | papers/min=4504.10 | q/min=16665.17 | eta=00:00:04 | new_cache=41 | checkpoint_saved=no | loaded_cached=0 | skipped_existing=0
[2026-04-21T03:04:53Z] checkpoint saved | stage=final held-out retrieval | method=bridge_final_current | papers=20/416 | questions=75/1451 | cache_records=75
[2026-04-21T03:04:53Z] checkpoint saved | stage=final held-out retrieval | method=bridge_final_current | papers=28/416 | questions=100/1451 | cache_records=100
[2026-04-21T03:04:53Z] final held-out retrieval | method=bridge_final_current | papers=30/416 | questions=105/1451 | 7.2% | elapsed=00:00:00 | papers/min=4519.76 | q/min=15819.15 | eta=00:00:05 | new_cache=31 | checkpoint_saved=no | loaded_cached=0 | skipped_existing=0
[2026-04-21T03:04:53Z] checkpoint saved | stage=final held-out retrieval | method=bridge_final_current | papers=36/416 | questions=125/1451 | cache_records=125
[2026-04-21T03:04:53Z] final held-out retrieval | method=bridge_final_current | papers=40/416 | questions=139/1451 | 9.6% | elapsed=00:00:00 | papers/min=4493.86 | q/min=15616.15 | eta=00:00:05 | new_cache=34 | checkpoint_saved=no | loaded_cached=0 | skipped_existing=0
[2026-04-21T03:04:53Z] checkpoint saved | stage=final held-out retrieval | method=bridge_final_current | papers=43/416 | questions=150/1451 | cache_records=150
[2026-04-21T03:04:53Z] final held-out retrieval | method=bridge_final_current | papers=50/416 | questions=175/1451 | 12.1% | elapsed=00:00:00 | papers/min=4183.82 | q/min=14643.38 | eta=00:00:05 | new_cache=36 | checkpoint_saved=no | loaded_cached=0 | skipped_existing=0
[2026-04-21T03:04:53Z] checkpoint saved | stage=final held-out retrieval | method=bridge_final_current | papers=50/416 | questions=175/1451 | cache_records=175
[2026-04-21T03:04:53Z] checkpoint saved | stage=final held-out retrieval | method=bridge_final_current | papers=57/416 | questions=200/1451 | cache_records=200
[2026-04-21T03:04:53Z] final held-out retrieval | method=bridge_final_current | papers=60/416 | questions=209/1451 | 14.4% | elapsed=00:00:00 | papers/min=4323.45 | q/min=15060.03 | eta=00:00:04 | new_cache=34 | checkpoint_saved=no | loaded_cached=0 | skipped_existing=0
[2026-04-21T03:04:53Z] checkpoint saved | stage=final held-out retrieval | method=bridge_final_current | papers=65/416 | questions=225/1451 | cache_records=225
[2026-04-21T03:04:53Z] final held-out retrieval | method=bridge_final_current | papers=70/416 | questions=241/1451 | 16.6% | elapsed=00:00:00 | papers/min=4515.39 | q/min=15545.84 | eta=00:00:04 | new_cache=32 | checkpoint_saved=no | loaded_cached=0 | skipped_existing=0
[2026-04-21T03:04:53Z] checkpoint saved | stage=final held-out retrieval | method=bridge_final_current | papers=72/416 | questions=250/1451 | cache_records=250
[2026-04-21T03:04:54Z] final held-out retrieval | method=bridge_final_current | papers=80/416 | questions=275/1451 | 19.0% | elapsed=00:00:01 | papers/min=4647.94 | q/min=15977.30 | eta=00:00:04 | new_cache=34 | checkpoint_saved=no | loaded_cached=0 | skipped_existing=0
[2026-04-21T03:04:54Z] checkpoint saved | stage=final held-out retrieval | method=bridge_final_current | papers=80/416 | questions=275/1451 | cache_records=275
[2026-04-21T03:04:54Z] checkpoint saved | stage=final held-out retrieval | method=bridge_final_current | papers=86/416 | questions=300/1451 | cache_records=300
[2026-04-21T03:04:54Z] final held-out retrieval | method=bridge_final_current | papers=90/416 | questions=314/1451 | 21.6% | elapsed=00:00:01 | papers/min=4503.20 | q/min=15711.15 | eta=00:00:04 | new_cache=39 | checkpoint_saved=no | loaded_cached=0 | skipped_existing=0
[2026-04-21T03:04:54Z] checkpoint saved | stage=final held-out retrieval | method=bridge_final_current | papers=93/416 | questions=325/1451 | cache_records=325
[2026-04-21T03:04:54Z] final held-out retrieval | method=bridge_final_current | papers=100/416 | questions=348/1451 | 24.0% | elapsed=00:00:01 | papers/min=4567.79 | q/min=15895.90 | eta=00:00:04 | new_cache=34 | checkpoint_saved=no | loaded_cached=0 | skipped_existing=0
[2026-04-21T03:04:54Z] checkpoint saved | stage=final held-out retrieval | method=bridge_final_current | papers=101/416 | questions=350/1451 | cache_records=350
[2026-04-21T03:04:54Z] checkpoint saved | stage=final held-out retrieval | method=bridge_final_current | papers=108/416 | questions=375/1451 | cache_records=375
[2026-04-21T03:04:54Z] final held-out retrieval | method=bridge_final_current | papers=110/416 | questions=381/1451 | 26.3% | elapsed=00:00:01 | papers/min=4631.17 | q/min=16040.70 | eta=00:00:04 | new_cache=33 | checkpoint_saved=no | loaded_cached=0 | skipped_existing=0
[2026-04-21T03:04:54Z] checkpoint saved | stage=final held-out retrieval | method=bridge_final_current | papers=115/416 | questions=400/1451 | cache_records=400
[2026-04-21T03:04:54Z] final held-out retrieval | method=bridge_final_current | papers=120/416 | questions=414/1451 | 28.5% | elapsed=00:00:01 | papers/min=4674.22 | q/min=16126.07 | eta=00:00:03 | new_cache=33 | checkpoint_saved=no | loaded_cached=0 | skipped_existing=0
[2026-04-21T03:04:54Z] checkpoint saved | stage=final held-out retrieval | method=bridge_final_current | papers=123/416 | questions=425/1451 | cache_records=425
[2026-04-21T03:04:54Z] checkpoint saved | stage=final held-out retrieval | method=bridge_final_current | papers=129/416 | questions=450/1451 | cache_records=450
[2026-04-21T03:04:54Z] final held-out retrieval | method=bridge_final_current | papers=130/416 | questions=451/1451 | 31.1% | elapsed=00:00:01 | papers/min=4581.19 | q/min=15893.19 | eta=00:00:03 | new_cache=37 | checkpoint_saved=no | loaded_cached=0 | skipped_existing=0
[2026-04-21T03:04:54Z] checkpoint saved | stage=final held-out retrieval | method=bridge_final_current | papers=137/416 | questions=475/1451 | cache_records=475
[2026-04-21T03:04:54Z] final held-out retrieval | method=bridge_final_current | papers=140/416 | questions=492/1451 | 33.9% | elapsed=00:00:01 | papers/min=4579.46 | q/min=16093.55 | eta=00:00:03 | new_cache=41 | checkpoint_saved=no | loaded_cached=0 | skipped_existing=0
[2026-04-21T03:04:54Z] checkpoint saved | stage=final held-out retrieval | method=bridge_final_current | papers=143/416 | questions=500/1451 | cache_records=500
[2026-04-21T03:04:54Z] final held-out retrieval | method=bridge_final_current | papers=150/416 | questions=525/1451 | 36.2% | elapsed=00:00:01 | papers/min=4616.80 | q/min=16158.80 | eta=00:00:03 | new_cache=33 | checkpoint_saved=no | loaded_cached=0 | skipped_existing=0
[2026-04-21T03:04:54Z] checkpoint saved | stage=final held-out retrieval | method=bridge_final_current | papers=150/416 | questions=525/1451 | cache_records=525
[2026-04-21T03:04:55Z] checkpoint saved | stage=final held-out retrieval | method=bridge_final_current | papers=156/416 | questions=550/1451 | cache_records=550
[2026-04-21T03:04:55Z] final held-out retrieval | method=bridge_final_current | papers=160/416 | questions=561/1451 | 38.7% | elapsed=00:00:02 | papers/min=4575.05 | q/min=16041.26 | eta=00:00:03 | new_cache=36 | checkpoint_saved=no | loaded_cached=0 | skipped_existing=0
[2026-04-21T03:04:55Z] checkpoint saved | stage=final held-out retrieval | method=bridge_final_current | papers=165/416 | questions=575/1451 | cache_records=575
[2026-04-21T03:04:55Z] final held-out retrieval | method=bridge_final_current | papers=170/416 | questions=591/1451 | 40.7% | elapsed=00:00:02 | papers/min=4677.20 | q/min=16260.16 | eta=00:00:03 | new_cache=30 | checkpoint_saved=no | loaded_cached=0 | skipped_existing=0
[2026-04-21T03:04:55Z] checkpoint saved | stage=final held-out retrieval | method=bridge_final_current | papers=171/416 | questions=600/1451 | cache_records=600
[2026-04-21T03:04:55Z] checkpoint saved | stage=final held-out retrieval | method=bridge_final_current | papers=179/416 | questions=625/1451 | cache_records=625
[2026-04-21T03:04:55Z] final held-out retrieval | method=bridge_final_current | papers=180/416 | questions=627/1451 | 43.2% | elapsed=00:00:02 | papers/min=4597.68 | q/min=16015.25 | eta=00:00:03 | new_cache=36 | checkpoint_saved=no | loaded_cached=0 | skipped_existing=0
[2026-04-21T03:04:55Z] checkpoint saved | stage=final held-out retrieval | method=bridge_final_current | papers=186/416 | questions=650/1451 | cache_records=650
[2026-04-21T03:04:55Z] final held-out retrieval | method=bridge_final_current | papers=190/416 | questions=661/1451 | 45.6% | elapsed=00:00:02 | papers/min=4538.45 | q/min=15789.03 | eta=00:00:03 | new_cache=34 | checkpoint_saved=no | loaded_cached=0 | skipped_existing=0
[2026-04-21T03:04:55Z] checkpoint saved | stage=final held-out retrieval | method=bridge_final_current | papers=195/416 | questions=675/1451 | cache_records=675
[2026-04-21T03:04:55Z] final held-out retrieval | method=bridge_final_current | papers=200/416 | questions=690/1451 | 47.6% | elapsed=00:00:02 | papers/min=4474.32 | q/min=15436.42 | eta=00:00:02 | new_cache=29 | checkpoint_saved=no | loaded_cached=0 | skipped_existing=0
[2026-04-21T03:04:55Z] checkpoint saved | stage=final held-out retrieval | method=bridge_final_current | papers=205/416 | questions=700/1451 | cache_records=700
[2026-04-21T03:04:55Z] final held-out retrieval | method=bridge_final_current | papers=210/416 | questions=718/1451 | 49.5% | elapsed=00:00:02 | papers/min=4503.87 | q/min=15398.95 | eta=00:00:02 | new_cache=28 | checkpoint_saved=no | loaded_cached=0 | skipped_existing=0
[2026-04-21T03:04:55Z] checkpoint saved | stage=final held-out retrieval | method=bridge_final_current | papers=211/416 | questions=725/1451 | cache_records=725
[2026-04-21T03:04:55Z] checkpoint saved | stage=final held-out retrieval | method=bridge_final_current | papers=217/416 | questions=750/1451 | cache_records=750
[2026-04-21T03:04:55Z] final held-out retrieval | method=bridge_final_current | papers=220/416 | questions=757/1451 | 52.2% | elapsed=00:00:02 | papers/min=4452.07 | q/min=15319.18 | eta=00:00:02 | new_cache=39 | checkpoint_saved=no | loaded_cached=0 | skipped_existing=0
[2026-04-21T03:04:56Z] checkpoint saved | stage=final held-out retrieval | method=bridge_final_current | papers=223/416 | questions=775/1451 | cache_records=775
[2026-04-21T03:04:56Z] final held-out retrieval | method=bridge_final_current | papers=230/416 | questions=794/1451 | 54.7% | elapsed=00:00:03 | papers/min=4427.46 | q/min=15284.36 | eta=00:00:02 | new_cache=37 | checkpoint_saved=no | loaded_cached=0 | skipped_existing=0
[2026-04-21T03:04:56Z] checkpoint saved | stage=final held-out retrieval | method=bridge_final_current | papers=231/416 | questions=800/1451 | cache_records=800
[2026-04-21T03:04:56Z] checkpoint saved | stage=final held-out retrieval | method=bridge_final_current | papers=239/416 | questions=825/1451 | cache_records=825
[2026-04-21T03:04:56Z] final held-out retrieval | method=bridge_final_current | papers=240/416 | questions=826/1451 | 56.9% | elapsed=00:00:03 | papers/min=4430.82 | q/min=15249.42 | eta=00:00:02 | new_cache=32 | checkpoint_saved=no | loaded_cached=0 | skipped_existing=0
[2026-04-21T03:04:56Z] checkpoint saved | stage=final held-out retrieval | method=bridge_final_current | papers=246/416 | questions=850/1451 | cache_records=850
[2026-04-21T03:04:56Z] final held-out retrieval | method=bridge_final_current | papers=250/416 | questions=864/1451 | 59.5% | elapsed=00:00:03 | papers/min=4436.55 | q/min=15332.70 | eta=00:00:02 | new_cache=38 | checkpoint_saved=no | loaded_cached=0 | skipped_existing=0
[2026-04-21T03:04:56Z] checkpoint saved | stage=final held-out retrieval | method=bridge_final_current | papers=253/416 | questions=875/1451 | cache_records=875
[2026-04-21T03:04:56Z] final held-out retrieval | method=bridge_final_current | papers=260/416 | questions=900/1451 | 62.0% | elapsed=00:00:03 | papers/min=4438.86 | q/min=15365.30 | eta=00:00:02 | new_cache=36 | checkpoint_saved=no | loaded_cached=0 | skipped_existing=0
[2026-04-21T03:04:56Z] checkpoint saved | stage=final held-out retrieval | method=bridge_final_current | papers=260/416 | questions=900/1451 | cache_records=900
[2026-04-21T03:04:56Z] checkpoint saved | stage=final held-out retrieval | method=bridge_final_current | papers=266/416 | questions=925/1451 | cache_records=925
[2026-04-21T03:04:56Z] final held-out retrieval | method=bridge_final_current | papers=270/416 | questions=938/1451 | 64.6% | elapsed=00:00:03 | papers/min=4400.95 | q/min=15289.22 | eta=00:00:02 | new_cache=38 | checkpoint_saved=no | loaded_cached=0 | skipped_existing=0
[2026-04-21T03:04:56Z] checkpoint saved | stage=final held-out retrieval | method=bridge_final_current | papers=274/416 | questions=950/1451 | cache_records=950
[2026-04-21T03:04:56Z] final held-out retrieval | method=bridge_final_current | papers=280/416 | questions=970/1451 | 66.9% | elapsed=00:00:03 | papers/min=4424.85 | q/min=15328.96 | eta=00:00:01 | new_cache=32 | checkpoint_saved=no | loaded_cached=0 | skipped_existing=0
[2026-04-21T03:04:56Z] checkpoint saved | stage=final held-out retrieval | method=bridge_final_current | papers=281/416 | questions=975/1451 | cache_records=975
[2026-04-21T03:04:56Z] checkpoint saved | stage=final held-out retrieval | method=bridge_final_current | papers=287/416 | questions=1000/1451 | cache_records=1000
[2026-04-21T03:04:56Z] final held-out retrieval | method=bridge_final_current | papers=290/416 | questions=1008/1451 | 69.5% | elapsed=00:00:03 | papers/min=4404.90 | q/min=15310.81 | eta=00:00:01 | new_cache=38 | checkpoint_saved=no | loaded_cached=0 | skipped_existing=0
[2026-04-21T03:04:57Z] checkpoint saved | stage=final held-out retrieval | method=bridge_final_current | papers=295/416 | questions=1025/1451 | cache_records=1025
[2026-04-21T03:04:57Z] final held-out retrieval | method=bridge_final_current | papers=300/416 | questions=1044/1451 | 72.0% | elapsed=00:00:04 | papers/min=4408.68 | q/min=15342.20 | eta=00:00:01 | new_cache=36 | checkpoint_saved=no | loaded_cached=0 | skipped_existing=0
[2026-04-21T03:04:57Z] checkpoint saved | stage=final held-out retrieval | method=bridge_final_current | papers=302/416 | questions=1050/1451 | cache_records=1050
[2026-04-21T03:04:57Z] checkpoint saved | stage=final held-out retrieval | method=bridge_final_current | papers=308/416 | questions=1075/1451 | cache_records=1075
[2026-04-21T03:04:57Z] final held-out retrieval | method=bridge_final_current | papers=310/416 | questions=1079/1451 | 74.4% | elapsed=00:00:04 | papers/min=4413.08 | q/min=15360.37 | eta=00:00:01 | new_cache=35 | checkpoint_saved=no | loaded_cached=0 | skipped_existing=0
[2026-04-21T03:04:57Z] checkpoint saved | stage=final held-out retrieval | method=bridge_final_current | papers=316/416 | questions=1100/1451 | cache_records=1100
[2026-04-21T03:04:57Z] final held-out retrieval | method=bridge_final_current | papers=320/416 | questions=1114/1451 | 76.8% | elapsed=00:00:04 | papers/min=4425.44 | q/min=15406.06 | eta=00:00:01 | new_cache=35 | checkpoint_saved=no | loaded_cached=0 | skipped_existing=0
[2026-04-21T03:04:57Z] checkpoint saved | stage=final held-out retrieval | method=bridge_final_current | papers=322/416 | questions=1125/1451 | cache_records=1125
[2026-04-21T03:04:57Z] final held-out retrieval | method=bridge_final_current | papers=330/416 | questions=1143/1451 | 78.8% | elapsed=00:00:04 | papers/min=4462.04 | q/min=15454.87 | eta=00:00:01 | new_cache=29 | checkpoint_saved=no | loaded_cached=0 | skipped_existing=0
[2026-04-21T03:04:57Z] checkpoint saved | stage=final held-out retrieval | method=bridge_final_current | papers=332/416 | questions=1150/1451 | cache_records=1150
[2026-04-21T03:04:57Z] checkpoint saved | stage=final held-out retrieval | method=bridge_final_current | papers=338/416 | questions=1175/1451 | cache_records=1175
[2026-04-21T03:04:57Z] final held-out retrieval | method=bridge_final_current | papers=340/416 | questions=1180/1451 | 81.3% | elapsed=00:00:04 | papers/min=4469.10 | q/min=15510.42 | eta=00:00:01 | new_cache=37 | checkpoint_saved=no | loaded_cached=0 | skipped_existing=0
[2026-04-21T03:04:57Z] checkpoint saved | stage=final held-out retrieval | method=bridge_final_current | papers=345/416 | questions=1200/1451 | cache_records=1200
[2026-04-21T03:04:57Z] final held-out retrieval | method=bridge_final_current | papers=350/416 | questions=1217/1451 | 83.9% | elapsed=00:00:04 | papers/min=4420.30 | q/min=15370.00 | eta=00:00:00 | new_cache=37 | checkpoint_saved=no | loaded_cached=0 | skipped_existing=0
[2026-04-21T03:04:57Z] checkpoint saved | stage=final held-out retrieval | method=bridge_final_current | papers=351/416 | questions=1225/1451 | cache_records=1225
[2026-04-21T03:04:57Z] checkpoint saved | stage=final held-out retrieval | method=bridge_final_current | papers=359/416 | questions=1250/1451 | cache_records=1250
[2026-04-21T03:04:57Z] final held-out retrieval | method=bridge_final_current | papers=360/416 | questions=1251/1451 | 86.2% | elapsed=00:00:04 | papers/min=4409.65 | q/min=15323.52 | eta=00:00:00 | new_cache=34 | checkpoint_saved=no | loaded_cached=0 | skipped_existing=0
[2026-04-21T03:04:58Z] checkpoint saved | stage=final held-out retrieval | method=bridge_final_current | papers=367/416 | questions=1275/1451 | cache_records=1275
[2026-04-21T03:04:58Z] final held-out retrieval | method=bridge_final_current | papers=370/416 | questions=1281/1451 | 88.3% | elapsed=00:00:05 | papers/min=4439.54 | q/min=15370.42 | eta=00:00:00 | new_cache=30 | checkpoint_saved=no | loaded_cached=0 | skipped_existing=0
[2026-04-21T03:04:58Z] checkpoint saved | stage=final held-out retrieval | method=bridge_final_current | papers=374/416 | questions=1300/1451 | cache_records=1300
[2026-04-21T03:04:58Z] final held-out retrieval | method=bridge_final_current | papers=380/416 | questions=1319/1451 | 90.9% | elapsed=00:00:05 | papers/min=4427.04 | q/min=15366.49 | eta=00:00:00 | new_cache=38 | checkpoint_saved=no | loaded_cached=0 | skipped_existing=0
[2026-04-21T03:04:58Z] checkpoint saved | stage=final held-out retrieval | method=bridge_final_current | papers=381/416 | questions=1325/1451 | cache_records=1325
[2026-04-21T03:04:58Z] checkpoint saved | stage=final held-out retrieval | method=bridge_final_current | papers=388/416 | questions=1350/1451 | cache_records=1350
[2026-04-21T03:04:58Z] final held-out retrieval | method=bridge_final_current | papers=390/416 | questions=1355/1451 | 93.4% | elapsed=00:00:05 | papers/min=4416.83 | q/min=15345.66 | eta=00:00:00 | new_cache=36 | checkpoint_saved=no | loaded_cached=0 | skipped_existing=0
[2026-04-21T03:04:58Z] checkpoint saved | stage=final held-out retrieval | method=bridge_final_current | papers=396/416 | questions=1375/1451 | cache_records=1375
[2026-04-21T03:04:58Z] final held-out retrieval | method=bridge_final_current | papers=400/416 | questions=1387/1451 | 95.6% | elapsed=00:00:05 | papers/min=4446.13 | q/min=15416.97 | eta=00:00:00 | new_cache=32 | checkpoint_saved=no | loaded_cached=0 | skipped_existing=0
[2026-04-21T03:04:58Z] checkpoint saved | stage=final held-out retrieval | method=bridge_final_current | papers=403/416 | questions=1400/1451 | cache_records=1400
[2026-04-21T03:04:58Z] final held-out retrieval | method=bridge_final_current | papers=410/416 | questions=1425/1451 | 98.2% | elapsed=00:00:05 | papers/min=4433.22 | q/min=15408.13 | eta=00:00:00 | new_cache=38 | checkpoint_saved=no | loaded_cached=0 | skipped_existing=0
[2026-04-21T03:04:58Z] checkpoint saved | stage=final held-out retrieval | method=bridge_final_current | papers=410/416 | questions=1425/1451 | cache_records=1425
[2026-04-21T03:04:58Z] checkpoint saved | stage=final held-out retrieval | method=bridge_final_current | papers=415/416 | questions=1450/1451 | cache_records=1450
[2026-04-21T03:04:58Z] final held-out retrieval | method=bridge_final_current | papers=416/416 | questions=1451/1451 | 100.0% | elapsed=00:00:05 | papers/min=4405.52 | q/min=15366.35 | eta=00:00:00 | new_cache=26 | checkpoint_saved=no | loaded_cached=0 | skipped_existing=0
[2026-04-21T03:04:58Z] checkpoint saved | stage=final held-out retrieval | method=bridge_final_current | papers=416/416 | questions=1451/1451 | cache_records=1451
[2026-04-21T03:04:58Z] final held-out retrieval | method=bridge_final_current | papers=416/416 | questions=1451/1451 | 100.0% | elapsed=00:00:05 | papers/min=4404.58 | q/min=15363.08 | eta=00:00:00 | new_cache=0 | checkpoint_saved=no | loaded_cached=0 | skipped_existing=0
[2026-04-21T03:04:58Z] stage complete | stage=final held-out retrieval | method=bridge_final_current | computed_this_run=1451 | skipped_existing=0 | cache_records=1451
[2026-04-21T03:05:10Z] checkpoint saved | stage=finalist answer eval | method=flat_hybrid_current | papers=7/416 | questions=25/1451 | cache_records=25
[2026-04-21T03:05:12Z] finalist answer eval | method=flat_hybrid_current | papers=10/416 | questions=30/1451 | 2.1% | elapsed=00:00:10 | papers/min=57.69 | q/min=173.07 | eta=00:08:12 | new_cache=30 | checkpoint_saved=no | loaded_cached=0 | skipped_existing=0
[2026-04-21T03:05:18Z] checkpoint saved | stage=finalist answer eval | method=flat_hybrid_current | papers=14/416 | questions=50/1451 | cache_records=50
[2026-04-21T03:05:24Z] finalist answer eval | method=flat_hybrid_current | papers=20/416 | questions=66/1451 | 4.5% | elapsed=00:00:22 | papers/min=53.83 | q/min=177.63 | eta=00:07:47 | new_cache=36 | checkpoint_saved=no | loaded_cached=0 | skipped_existing=0
[2026-04-21T03:05:27Z] checkpoint saved | stage=finalist answer eval | method=flat_hybrid_current | papers=21/416 | questions=75/1451 | cache_records=75
[2026-04-21T03:05:38Z] checkpoint saved | stage=finalist answer eval | method=flat_hybrid_current | papers=28/416 | questions=100/1451 | cache_records=100
[2026-04-21T03:05:40Z] finalist answer eval | method=flat_hybrid_current | papers=30/416 | questions=104/1451 | 7.2% | elapsed=00:00:38 | papers/min=46.57 | q/min=161.43 | eta=00:08:20 | new_cache=38 | checkpoint_saved=no | loaded_cached=0 | skipped_existing=0
[2026-04-21T03:05:51Z] checkpoint saved | stage=finalist answer eval | method=flat_hybrid_current | papers=34/416 | questions=125/1451 | cache_records=125
[2026-04-21T03:06:02Z] finalist answer eval | method=flat_hybrid_current | papers=40/416 | questions=149/1451 | 10.3% | elapsed=00:01:00 | papers/min=39.36 | q/min=146.62 | eta=00:08:52 | new_cache=45 | checkpoint_saved=no | loaded_cached=0 | skipped_existing=0
[2026-04-21T03:06:03Z] checkpoint saved | stage=finalist answer eval | method=flat_hybrid_current | papers=40/416 | questions=150/1451 | cache_records=150
[2026-04-21T03:06:15Z] checkpoint saved | stage=finalist answer eval | method=flat_hybrid_current | papers=48/416 | questions=175/1451 | cache_records=175
[2026-04-21T03:06:18Z] finalist answer eval | method=flat_hybrid_current | papers=50/416 | questions=179/1451 | 12.3% | elapsed=00:01:16 | papers/min=39.45 | q/min=141.22 | eta=00:09:00 | new_cache=30 | checkpoint_saved=no | loaded_cached=0 | skipped_existing=0
[2026-04-21T03:06:27Z] checkpoint saved | stage=finalist answer eval | method=flat_hybrid_current | papers=56/416 | questions=200/1451 | cache_records=200
[2026-04-21T03:06:34Z] finalist answer eval | method=flat_hybrid_current | papers=60/416 | questions=214/1451 | 14.7% | elapsed=00:01:32 | papers/min=39.03 | q/min=139.21 | eta=00:08:53 | new_cache=35 | checkpoint_saved=no | loaded_cached=0 | skipped_existing=0
[2026-04-21T03:06:39Z] checkpoint saved | stage=finalist answer eval | method=flat_hybrid_current | papers=61/416 | questions=225/1451 | cache_records=225
[2026-04-21T03:06:50Z] finalist answer eval | method=flat_hybrid_current | papers=70/416 | questions=248/1451 | 17.1% | elapsed=00:01:48 | papers/min=38.76 | q/min=137.32 | eta=00:08:45 | new_cache=34 | checkpoint_saved=no | loaded_cached=0 | skipped_existing=0
[2026-04-21T03:06:51Z] checkpoint saved | stage=finalist answer eval | method=flat_hybrid_current | papers=70/416 | questions=250/1451 | cache_records=250
[2026-04-21T03:07:02Z] checkpoint saved | stage=finalist answer eval | method=flat_hybrid_current | papers=77/416 | questions=275/1451 | cache_records=275
[2026-04-21T03:07:05Z] finalist answer eval | method=flat_hybrid_current | papers=80/416 | questions=281/1451 | 19.4% | elapsed=00:02:04 | papers/min=38.70 | q/min=135.94 | eta=00:08:36 | new_cache=33 | checkpoint_saved=no | loaded_cached=0 | skipped_existing=0
[2026-04-21T03:07:14Z] checkpoint saved | stage=finalist answer eval | method=flat_hybrid_current | papers=85/416 | questions=300/1451 | cache_records=300
[2026-04-21T03:07:19Z] finalist answer eval | method=flat_hybrid_current | papers=90/416 | questions=314/1451 | 21.6% | elapsed=00:02:17 | papers/min=39.17 | q/min=136.67 | eta=00:08:19 | new_cache=33 | checkpoint_saved=no | loaded_cached=0 | skipped_existing=0
[2026-04-21T03:07:24Z] checkpoint saved | stage=finalist answer eval | method=flat_hybrid_current | papers=94/416 | questions=325/1451 | cache_records=325
[2026-04-21T03:07:30Z] finalist answer eval | method=flat_hybrid_current | papers=100/416 | questions=342/1451 | 23.6% | elapsed=00:02:28 | papers/min=40.30 | q/min=137.81 | eta=00:08:02 | new_cache=28 | checkpoint_saved=no | loaded_cached=0 | skipped_existing=0
[2026-04-21T03:07:34Z] checkpoint saved | stage=finalist answer eval | method=flat_hybrid_current | papers=103/416 | questions=350/1451 | cache_records=350
[2026-04-21T03:07:38Z] finalist answer eval | method=flat_hybrid_current | papers=110/416 | questions=361/1451 | 24.9% | elapsed=00:02:36 | papers/min=42.15 | q/min=138.32 | eta=00:07:52 | new_cache=19 | checkpoint_saved=no | loaded_cached=0 | skipped_existing=0
[2026-04-21T03:07:43Z] checkpoint saved | stage=finalist answer eval | method=flat_hybrid_current | papers=117/416 | questions=375/1451 | cache_records=375
[2026-04-21T03:07:49Z] finalist answer eval | method=flat_hybrid_current | papers=120/416 | questions=392/1451 | 27.0% | elapsed=00:02:47 | papers/min=42.87 | q/min=140.03 | eta=00:07:33 | new_cache=31 | checkpoint_saved=no | loaded_cached=0 | skipped_existing=0
[2026-04-21T03:07:52Z] checkpoint saved | stage=finalist answer eval | method=flat_hybrid_current | papers=121/416 | questions=400/1451 | cache_records=400
[2026-04-21T03:08:01Z] checkpoint saved | stage=finalist answer eval | method=flat_hybrid_current | papers=126/416 | questions=425/1451 | cache_records=425
[2026-04-21T03:08:07Z] finalist answer eval | method=flat_hybrid_current | papers=130/416 | questions=442/1451 | 30.5% | elapsed=00:03:05 | papers/min=42.10 | q/min=143.15 | eta=00:07:02 | new_cache=50 | checkpoint_saved=no | loaded_cached=0 | skipped_existing=0
[2026-04-21T03:08:10Z] checkpoint saved | stage=finalist answer eval | method=flat_hybrid_current | papers=131/416 | questions=450/1451 | cache_records=450
[2026-04-21T03:08:19Z] checkpoint saved | stage=finalist answer eval | method=flat_hybrid_current | papers=138/416 | questions=475/1451 | cache_records=475
[2026-04-21T03:08:20Z] finalist answer eval | method=flat_hybrid_current | papers=140/416 | questions=480/1451 | 33.1% | elapsed=00:03:18 | papers/min=42.22 | q/min=144.75 | eta=00:06:42 | new_cache=38 | checkpoint_saved=no | loaded_cached=0 | skipped_existing=0
[2026-04-21T03:08:27Z] checkpoint saved | stage=finalist answer eval | method=flat_hybrid_current | papers=144/416 | questions=500/1451 | cache_records=500
[2026-04-21T03:08:33Z] finalist answer eval | method=flat_hybrid_current | papers=150/416 | questions=519/1451 | 35.8% | elapsed=00:03:31 | papers/min=42.45 | q/min=146.89 | eta=00:06:20 | new_cache=39 | checkpoint_saved=no | loaded_cached=0 | skipped_existing=0
[2026-04-21T03:08:36Z] checkpoint saved | stage=finalist answer eval | method=flat_hybrid_current | papers=151/416 | questions=525/1451 | cache_records=525
[2026-04-21T03:08:45Z] checkpoint saved | stage=finalist answer eval | method=flat_hybrid_current | papers=156/416 | questions=550/1451 | cache_records=550
[2026-04-21T03:08:55Z] finalist answer eval | method=flat_hybrid_current | papers=160/416 | questions=571/1451 | 39.4% | elapsed=00:03:53 | papers/min=41.18 | q/min=146.94 | eta=00:05:59 | new_cache=52 | checkpoint_saved=no | loaded_cached=0 | skipped_existing=0
[2026-04-21T03:08:57Z] checkpoint saved | stage=finalist answer eval | method=flat_hybrid_current | papers=160/416 | questions=575/1451 | cache_records=575
[2026-04-21T03:09:09Z] checkpoint saved | stage=finalist answer eval | method=flat_hybrid_current | papers=168/416 | questions=600/1451 | cache_records=600
[2026-04-21T03:09:11Z] finalist answer eval | method=flat_hybrid_current | papers=170/416 | questions=605/1451 | 41.7% | elapsed=00:04:09 | papers/min=40.83 | q/min=145.31 | eta=00:05:49 | new_cache=34 | checkpoint_saved=no | loaded_cached=0 | skipped_existing=0
[2026-04-21T03:09:22Z] checkpoint saved | stage=finalist answer eval | method=flat_hybrid_current | papers=177/416 | questions=625/1451 | cache_records=625
[2026-04-21T03:09:27Z] finalist answer eval | method=flat_hybrid_current | papers=180/416 | questions=635/1451 | 43.8% | elapsed=00:04:25 | papers/min=40.73 | q/min=143.68 | eta=00:05:40 | new_cache=30 | checkpoint_saved=no | loaded_cached=0 | skipped_existing=0
[2026-04-21T03:09:33Z] checkpoint saved | stage=finalist answer eval | method=flat_hybrid_current | papers=183/416 | questions=650/1451 | cache_records=650
[2026-04-21T03:09:44Z] checkpoint saved | stage=finalist answer eval | method=flat_hybrid_current | papers=189/416 | questions=675/1451 | cache_records=675
[2026-04-21T03:09:46Z] finalist answer eval | method=flat_hybrid_current | papers=190/416 | questions=678/1451 | 46.7% | elapsed=00:04:44 | papers/min=40.08 | q/min=143.02 | eta=00:05:24 | new_cache=43 | checkpoint_saved=no | loaded_cached=0 | skipped_existing=0
[2026-04-21T03:09:56Z] checkpoint saved | stage=finalist answer eval | method=flat_hybrid_current | papers=194/416 | questions=700/1451 | cache_records=700
[2026-04-21T03:10:05Z] finalist answer eval | method=flat_hybrid_current | papers=200/416 | questions=721/1451 | 49.7% | elapsed=00:05:03 | papers/min=39.51 | q/min=142.44 | eta=00:05:07 | new_cache=43 | checkpoint_saved=no | loaded_cached=0 | skipped_existing=0
[2026-04-21T03:10:07Z] checkpoint saved | stage=finalist answer eval | method=flat_hybrid_current | papers=201/416 | questions=725/1451 | cache_records=725
[2026-04-21T03:10:17Z] checkpoint saved | stage=finalist answer eval | method=flat_hybrid_current | papers=206/416 | questions=750/1451 | cache_records=750
[2026-04-21T03:10:24Z] finalist answer eval | method=flat_hybrid_current | papers=210/416 | questions=768/1451 | 52.9% | elapsed=00:05:22 | papers/min=39.04 | q/min=142.79 | eta=00:04:46 | new_cache=47 | checkpoint_saved=no | loaded_cached=0 | skipped_existing=0
[2026-04-21T03:10:27Z] checkpoint saved | stage=finalist answer eval | method=flat_hybrid_current | papers=212/416 | questions=775/1451 | cache_records=775
[2026-04-21T03:10:37Z] checkpoint saved | stage=finalist answer eval | method=flat_hybrid_current | papers=218/416 | questions=800/1451 | cache_records=800
[2026-04-21T03:10:38Z] finalist answer eval | method=flat_hybrid_current | papers=220/416 | questions=804/1451 | 55.4% | elapsed=00:05:36 | papers/min=39.17 | q/min=143.15 | eta=00:04:31 | new_cache=36 | checkpoint_saved=no | loaded_cached=0 | skipped_existing=0
[2026-04-21T03:10:46Z] checkpoint saved | stage=finalist answer eval | method=flat_hybrid_current | papers=226/416 | questions=825/1451 | cache_records=825
[2026-04-21T03:10:51Z] finalist answer eval | method=flat_hybrid_current | papers=230/416 | questions=837/1451 | 57.7% | elapsed=00:05:49 | papers/min=39.48 | q/min=143.67 | eta=00:04:16 | new_cache=33 | checkpoint_saved=no | loaded_cached=0 | skipped_existing=0
[2026-04-21T03:10:56Z] checkpoint saved | stage=finalist answer eval | method=flat_hybrid_current | papers=234/416 | questions=850/1451 | cache_records=850
[2026-04-21T03:11:03Z] finalist answer eval | method=flat_hybrid_current | papers=240/416 | questions=871/1451 | 60.0% | elapsed=00:06:01 | papers/min=39.86 | q/min=144.65 | eta=00:04:00 | new_cache=34 | checkpoint_saved=no | loaded_cached=0 | skipped_existing=0
[2026-04-21T03:11:04Z] checkpoint saved | stage=finalist answer eval | method=flat_hybrid_current | papers=241/416 | questions=875/1451 | cache_records=875
[2026-04-21T03:11:13Z] checkpoint saved | stage=finalist answer eval | method=flat_hybrid_current | papers=247/416 | questions=900/1451 | cache_records=900
[2026-04-21T03:11:15Z] finalist answer eval | method=flat_hybrid_current | papers=250/416 | questions=907/1451 | 62.5% | elapsed=00:06:13 | papers/min=40.11 | q/min=145.52 | eta=00:03:44 | new_cache=36 | checkpoint_saved=no | loaded_cached=0 | skipped_existing=0
[2026-04-21T03:11:21Z] checkpoint saved | stage=finalist answer eval | method=flat_hybrid_current | papers=256/416 | questions=925/1451 | cache_records=925
[2026-04-21T03:11:28Z] finalist answer eval | method=flat_hybrid_current | papers=260/416 | questions=945/1451 | 65.1% | elapsed=00:06:26 | papers/min=40.35 | q/min=146.65 | eta=00:03:27 | new_cache=38 | checkpoint_saved=no | loaded_cached=0 | skipped_existing=0
[2026-04-21T03:11:30Z] checkpoint saved | stage=finalist answer eval | method=flat_hybrid_current | papers=262/416 | questions=950/1451 | cache_records=950
[2026-04-21T03:11:38Z] checkpoint saved | stage=finalist answer eval | method=flat_hybrid_current | papers=269/416 | questions=975/1451 | cache_records=975
[2026-04-21T03:11:39Z] finalist answer eval | method=flat_hybrid_current | papers=270/416 | questions=978/1451 | 67.4% | elapsed=00:06:37 | papers/min=40.72 | q/min=147.49 | eta=00:03:12 | new_cache=33 | checkpoint_saved=no | loaded_cached=0 | skipped_existing=0
[2026-04-21T03:11:46Z] checkpoint saved | stage=finalist answer eval | method=flat_hybrid_current | papers=277/416 | questions=1000/1451 | cache_records=1000
[2026-04-21T03:11:50Z] finalist answer eval | method=flat_hybrid_current | papers=280/416 | questions=1008/1451 | 69.5% | elapsed=00:06:48 | papers/min=41.17 | q/min=148.22 | eta=00:02:59 | new_cache=30 | checkpoint_saved=no | loaded_cached=0 | skipped_existing=0
[2026-04-21T03:11:56Z] checkpoint saved | stage=finalist answer eval | method=flat_hybrid_current | papers=285/416 | questions=1025/1451 | cache_records=1025
[2026-04-21T03:12:04Z] finalist answer eval | method=flat_hybrid_current | papers=290/416 | questions=1041/1451 | 71.7% | elapsed=00:07:02 | papers/min=41.19 | q/min=147.86 | eta=00:02:46 | new_cache=33 | checkpoint_saved=no | loaded_cached=0 | skipped_existing=0
[2026-04-21T03:12:08Z] checkpoint saved | stage=finalist answer eval | method=flat_hybrid_current | papers=292/416 | questions=1050/1451 | cache_records=1050
[2026-04-21T03:12:20Z] checkpoint saved | stage=finalist answer eval | method=flat_hybrid_current | papers=299/416 | questions=1075/1451 | cache_records=1075
[2026-04-21T03:12:24Z] finalist answer eval | method=flat_hybrid_current | papers=300/416 | questions=1082/1451 | 74.6% | elapsed=00:07:22 | papers/min=40.71 | q/min=146.82 | eta=00:02:30 | new_cache=41 | checkpoint_saved=no | loaded_cached=0 | skipped_existing=0
[2026-04-21T03:12:32Z] checkpoint saved | stage=finalist answer eval | method=flat_hybrid_current | papers=306/416 | questions=1100/1451 | cache_records=1100
[2026-04-21T03:12:38Z] finalist answer eval | method=flat_hybrid_current | papers=310/416 | questions=1112/1451 | 76.6% | elapsed=00:07:36 | papers/min=40.75 | q/min=146.17 | eta=00:02:19 | new_cache=30 | checkpoint_saved=no | loaded_cached=0 | skipped_existing=0
[2026-04-21T03:12:44Z] checkpoint saved | stage=finalist answer eval | method=flat_hybrid_current | papers=314/416 | questions=1125/1451 | cache_records=1125
[2026-04-21T03:12:53Z] finalist answer eval | method=flat_hybrid_current | papers=320/416 | questions=1145/1451 | 78.9% | elapsed=00:07:51 | papers/min=40.76 | q/min=145.83 | eta=00:02:05 | new_cache=33 | checkpoint_saved=no | loaded_cached=0 | skipped_existing=0
[2026-04-21T03:12:55Z] checkpoint saved | stage=finalist answer eval | method=flat_hybrid_current | papers=322/416 | questions=1150/1451 | cache_records=1150
[2026-04-21T03:13:06Z] finalist answer eval | method=flat_hybrid_current | papers=330/416 | questions=1174/1451 | 80.9% | elapsed=00:08:04 | papers/min=40.84 | q/min=145.30 | eta=00:01:54 | new_cache=29 | checkpoint_saved=no | loaded_cached=0 | skipped_existing=0
[2026-04-21T03:13:07Z] checkpoint saved | stage=finalist answer eval | method=flat_hybrid_current | papers=330/416 | questions=1175/1451 | cache_records=1175
[2026-04-21T03:13:18Z] checkpoint saved | stage=finalist answer eval | method=flat_hybrid_current | papers=338/416 | questions=1200/1451 | cache_records=1200
[2026-04-21T03:13:22Z] finalist answer eval | method=flat_hybrid_current | papers=340/416 | questions=1208/1451 | 83.3% | elapsed=00:08:20 | papers/min=40.79 | q/min=144.91 | eta=00:01:40 | new_cache=34 | checkpoint_saved=no | loaded_cached=0 | skipped_existing=0
[2026-04-21T03:13:29Z] checkpoint saved | stage=finalist answer eval | method=flat_hybrid_current | papers=345/416 | questions=1225/1451 | cache_records=1225
[2026-04-21T03:13:34Z] finalist answer eval | method=flat_hybrid_current | papers=350/416 | questions=1237/1451 | 85.3% | elapsed=00:08:32 | papers/min=41.01 | q/min=144.95 | eta=00:01:28 | new_cache=29 | checkpoint_saved=no | loaded_cached=0 | skipped_existing=0
[2026-04-21T03:13:38Z] checkpoint saved | stage=finalist answer eval | method=flat_hybrid_current | papers=352/416 | questions=1250/1451 | cache_records=1250
[2026-04-21T03:13:47Z] checkpoint saved | stage=finalist answer eval | method=flat_hybrid_current | papers=358/416 | questions=1275/1451 | cache_records=1275
[2026-04-21T03:13:49Z] finalist answer eval | method=flat_hybrid_current | papers=360/416 | questions=1279/1451 | 88.1% | elapsed=00:08:47 | papers/min=40.92 | q/min=145.37 | eta=00:01:10 | new_cache=42 | checkpoint_saved=no | loaded_cached=0 | skipped_existing=0
[2026-04-21T03:13:57Z] checkpoint saved | stage=finalist answer eval | method=flat_hybrid_current | papers=367/416 | questions=1300/1451 | cache_records=1300
[2026-04-21T03:14:01Z] finalist answer eval | method=flat_hybrid_current | papers=370/416 | questions=1312/1451 | 90.4% | elapsed=00:08:59 | papers/min=41.12 | q/min=145.79 | eta=00:00:57 | new_cache=33 | checkpoint_saved=no | loaded_cached=0 | skipped_existing=0
[2026-04-21T03:14:06Z] checkpoint saved | stage=finalist answer eval | method=flat_hybrid_current | papers=375/416 | questions=1325/1451 | cache_records=1325
[2026-04-21T03:14:11Z] finalist answer eval | method=flat_hybrid_current | papers=380/416 | questions=1337/1451 | 92.1% | elapsed=00:09:09 | papers/min=41.52 | q/min=146.10 | eta=00:00:46 | new_cache=25 | checkpoint_saved=no | loaded_cached=0 | skipped_existing=0
[2026-04-21T03:14:15Z] checkpoint saved | stage=finalist answer eval | method=flat_hybrid_current | papers=382/416 | questions=1350/1451 | cache_records=1350
[2026-04-21T03:14:22Z] finalist answer eval | method=flat_hybrid_current | papers=390/416 | questions=1369/1451 | 94.3% | elapsed=00:09:20 | papers/min=41.75 | q/min=146.54 | eta=00:00:33 | new_cache=32 | checkpoint_saved=no | loaded_cached=0 | skipped_existing=0
[2026-04-21T03:14:24Z] checkpoint saved | stage=finalist answer eval | method=flat_hybrid_current | papers=392/416 | questions=1375/1451 | cache_records=1375
[2026-04-21T03:14:33Z] checkpoint saved | stage=finalist answer eval | method=flat_hybrid_current | papers=399/416 | questions=1400/1451 | cache_records=1400
[2026-04-21T03:14:33Z] finalist answer eval | method=flat_hybrid_current | papers=400/416 | questions=1401/1451 | 96.6% | elapsed=00:09:31 | papers/min=41.98 | q/min=147.05 | eta=00:00:20 | new_cache=32 | checkpoint_saved=no | loaded_cached=0 | skipped_existing=0
[2026-04-21T03:14:42Z] checkpoint saved | stage=finalist answer eval | method=flat_hybrid_current | papers=407/416 | questions=1425/1451 | cache_records=1425
[2026-04-21T03:14:45Z] finalist answer eval | method=flat_hybrid_current | papers=410/416 | questions=1433/1451 | 98.8% | elapsed=00:09:43 | papers/min=42.15 | q/min=147.32 | eta=00:00:07 | new_cache=32 | checkpoint_saved=no | loaded_cached=0 | skipped_existing=0
[2026-04-21T03:14:52Z] checkpoint saved | stage=finalist answer eval | method=flat_hybrid_current | papers=415/416 | questions=1450/1451 | cache_records=1450
[2026-04-21T03:14:53Z] finalist answer eval | method=flat_hybrid_current | papers=416/416 | questions=1451/1451 | 100.0% | elapsed=00:09:51 | papers/min=42.20 | q/min=147.19 | eta=00:00:00 | new_cache=18 | checkpoint_saved=no | loaded_cached=0 | skipped_existing=0
[2026-04-21T03:14:53Z] checkpoint saved | stage=finalist answer eval | method=flat_hybrid_current | papers=416/416 | questions=1451/1451 | cache_records=1451
[2026-04-21T03:14:53Z] finalist answer eval | method=flat_hybrid_current | papers=416/416 | questions=1451/1451 | 100.0% | elapsed=00:09:51 | papers/min=42.20 | q/min=147.18 | eta=00:00:00 | new_cache=0 | checkpoint_saved=no | loaded_cached=0 | skipped_existing=0
[2026-04-21T03:14:53Z] stage complete | stage=finalist answer eval | method=flat_hybrid_current | computed_this_run=1451 | skipped_existing=0 | cache_records=1451
[2026-04-21T03:15:05Z] checkpoint saved | stage=finalist answer eval | method=bridge_final_current | papers=7/416 | questions=25/1451 | cache_records=25
[2026-04-21T03:15:08Z] finalist answer eval | method=bridge_final_current | papers=10/416 | questions=30/1451 | 2.1% | elapsed=00:00:14 | papers/min=40.61 | q/min=121.82 | eta=00:11:39 | new_cache=30 | checkpoint_saved=no | loaded_cached=0 | skipped_existing=0
[2026-04-21T03:15:17Z] checkpoint saved | stage=finalist answer eval | method=bridge_final_current | papers=14/416 | questions=50/1451 | cache_records=50
[2026-04-21T03:15:25Z] finalist answer eval | method=bridge_final_current | papers=20/416 | questions=66/1451 | 4.5% | elapsed=00:00:31 | papers/min=38.07 | q/min=125.64 | eta=00:11:01 | new_cache=36 | checkpoint_saved=no | loaded_cached=0 | skipped_existing=0
[2026-04-21T03:15:29Z] checkpoint saved | stage=finalist answer eval | method=bridge_final_current | papers=21/416 | questions=75/1451 | cache_records=75
[2026-04-21T03:15:41Z] checkpoint saved | stage=finalist answer eval | method=bridge_final_current | papers=28/416 | questions=100/1451 | cache_records=100
[2026-04-21T03:15:43Z] finalist answer eval | method=bridge_final_current | papers=30/416 | questions=104/1451 | 7.2% | elapsed=00:00:50 | papers/min=35.97 | q/min=124.69 | eta=00:10:48 | new_cache=38 | checkpoint_saved=no | loaded_cached=0 | skipped_existing=0
[2026-04-21T03:15:54Z] checkpoint saved | stage=finalist answer eval | method=bridge_final_current | papers=34/416 | questions=125/1451 | cache_records=125
[2026-04-21T03:16:05Z] finalist answer eval | method=bridge_final_current | papers=40/416 | questions=149/1451 | 10.3% | elapsed=00:01:11 | papers/min=33.57 | q/min=125.05 | eta=00:10:24 | new_cache=45 | checkpoint_saved=no | loaded_cached=0 | skipped_existing=0
[2026-04-21T03:16:05Z] checkpoint saved | stage=finalist answer eval | method=bridge_final_current | papers=40/416 | questions=150/1451 | cache_records=150
[2026-04-21T03:16:16Z] checkpoint saved | stage=finalist answer eval | method=bridge_final_current | papers=48/416 | questions=175/1451 | cache_records=175
[2026-04-21T03:16:18Z] finalist answer eval | method=bridge_final_current | papers=50/416 | questions=179/1451 | 12.3% | elapsed=00:01:24 | papers/min=35.35 | q/min=126.56 | eta=00:10:03 | new_cache=30 | checkpoint_saved=no | loaded_cached=0 | skipped_existing=0
[2026-04-21T03:16:26Z] checkpoint saved | stage=finalist answer eval | method=bridge_final_current | papers=56/416 | questions=200/1451 | cache_records=200
[2026-04-21T03:16:32Z] finalist answer eval | method=bridge_final_current | papers=60/416 | questions=214/1451 | 14.7% | elapsed=00:01:39 | papers/min=36.32 | q/min=129.54 | eta=00:09:32 | new_cache=35 | checkpoint_saved=no | loaded_cached=0 | skipped_existing=0
[2026-04-21T03:16:37Z] checkpoint saved | stage=finalist answer eval | method=bridge_final_current | papers=61/416 | questions=225/1451 | cache_records=225
[2026-04-21T03:16:46Z] finalist answer eval | method=bridge_final_current | papers=70/416 | questions=248/1451 | 17.1% | elapsed=00:01:52 | papers/min=37.32 | q/min=132.22 | eta=00:09:05 | new_cache=34 | checkpoint_saved=no | loaded_cached=0 | skipped_existing=0
[2026-04-21T03:16:46Z] checkpoint saved | stage=finalist answer eval | method=bridge_final_current | papers=70/416 | questions=250/1451 | cache_records=250
[2026-04-21T03:16:55Z] checkpoint saved | stage=finalist answer eval | method=bridge_final_current | papers=77/416 | questions=275/1451 | cache_records=275
[2026-04-21T03:16:58Z] finalist answer eval | method=bridge_final_current | papers=80/416 | questions=281/1451 | 19.4% | elapsed=00:02:04 | papers/min=38.50 | q/min=135.23 | eta=00:08:39 | new_cache=33 | checkpoint_saved=no | loaded_cached=0 | skipped_existing=0
[2026-04-21T03:17:05Z] checkpoint saved | stage=finalist answer eval | method=bridge_final_current | papers=85/416 | questions=300/1451 | cache_records=300
[2026-04-21T03:17:10Z] finalist answer eval | method=bridge_final_current | papers=90/416 | questions=314/1451 | 21.6% | elapsed=00:02:16 | papers/min=39.48 | q/min=137.74 | eta=00:08:15 | new_cache=33 | checkpoint_saved=no | loaded_cached=0 | skipped_existing=0
[2026-04-21T03:17:14Z] checkpoint saved | stage=finalist answer eval | method=bridge_final_current | papers=94/416 | questions=325/1451 | cache_records=325
[2026-04-21T03:17:20Z] finalist answer eval | method=bridge_final_current | papers=100/416 | questions=342/1451 | 23.6% | elapsed=00:02:26 | papers/min=40.82 | q/min=139.60 | eta=00:07:56 | new_cache=28 | checkpoint_saved=no | loaded_cached=0 | skipped_existing=0
[2026-04-21T03:17:23Z] checkpoint saved | stage=finalist answer eval | method=bridge_final_current | papers=103/416 | questions=350/1451 | cache_records=350
[2026-04-21T03:17:27Z] finalist answer eval | method=bridge_final_current | papers=110/416 | questions=361/1451 | 24.9% | elapsed=00:02:33 | papers/min=42.94 | q/min=140.93 | eta=00:07:44 | new_cache=19 | checkpoint_saved=no | loaded_cached=0 | skipped_existing=0
[2026-04-21T03:17:31Z] checkpoint saved | stage=finalist answer eval | method=bridge_final_current | papers=117/416 | questions=375/1451 | cache_records=375
[2026-04-21T03:17:37Z] finalist answer eval | method=bridge_final_current | papers=120/416 | questions=392/1451 | 27.0% | elapsed=00:02:44 | papers/min=43.82 | q/min=143.16 | eta=00:07:23 | new_cache=31 | checkpoint_saved=no | loaded_cached=0 | skipped_existing=0
[2026-04-21T03:17:40Z] checkpoint saved | stage=finalist answer eval | method=bridge_final_current | papers=121/416 | questions=400/1451 | cache_records=400
[2026-04-21T03:17:50Z] checkpoint saved | stage=finalist answer eval | method=bridge_final_current | papers=126/416 | questions=425/1451 | cache_records=425
[2026-04-21T03:17:58Z] finalist answer eval | method=bridge_final_current | papers=130/416 | questions=442/1451 | 30.5% | elapsed=00:03:05 | papers/min=42.07 | q/min=143.02 | eta=00:07:03 | new_cache=50 | checkpoint_saved=no | loaded_cached=0 | skipped_existing=0
[2026-04-21T03:18:03Z] checkpoint saved | stage=finalist answer eval | method=bridge_final_current | papers=131/416 | questions=450/1451 | cache_records=450
[2026-04-21T03:18:15Z] checkpoint saved | stage=finalist answer eval | method=bridge_final_current | papers=138/416 | questions=475/1451 | cache_records=475
[2026-04-21T03:18:17Z] finalist answer eval | method=bridge_final_current | papers=140/416 | questions=480/1451 | 33.1% | elapsed=00:03:24 | papers/min=41.16 | q/min=141.13 | eta=00:06:52 | new_cache=38 | checkpoint_saved=no | loaded_cached=0 | skipped_existing=0
[2026-04-21T03:18:26Z] checkpoint saved | stage=finalist answer eval | method=bridge_final_current | papers=144/416 | questions=500/1451 | cache_records=500
[2026-04-21T03:18:35Z] finalist answer eval | method=bridge_final_current | papers=150/416 | questions=519/1451 | 35.8% | elapsed=00:03:42 | papers/min=40.51 | q/min=140.18 | eta=00:06:38 | new_cache=39 | checkpoint_saved=no | loaded_cached=0 | skipped_existing=0
[2026-04-21T03:18:38Z] checkpoint saved | stage=finalist answer eval | method=bridge_final_current | papers=151/416 | questions=525/1451 | cache_records=525
[2026-04-21T03:18:50Z] checkpoint saved | stage=finalist answer eval | method=bridge_final_current | papers=156/416 | questions=550/1451 | cache_records=550
[2026-04-21T03:18:59Z] finalist answer eval | method=bridge_final_current | papers=160/416 | questions=571/1451 | 39.4% | elapsed=00:04:05 | papers/min=39.08 | q/min=139.45 | eta=00:06:18 | new_cache=52 | checkpoint_saved=no | loaded_cached=0 | skipped_existing=0
[2026-04-21T03:19:01Z] checkpoint saved | stage=finalist answer eval | method=bridge_final_current | papers=160/416 | questions=575/1451 | cache_records=575
[2026-04-21T03:19:11Z] checkpoint saved | stage=finalist answer eval | method=bridge_final_current | papers=168/416 | questions=600/1451 | cache_records=600
[2026-04-21T03:19:13Z] finalist answer eval | method=bridge_final_current | papers=170/416 | questions=605/1451 | 41.7% | elapsed=00:04:20 | papers/min=39.22 | q/min=139.59 | eta=00:06:03 | new_cache=34 | checkpoint_saved=no | loaded_cached=0 | skipped_existing=0
[2026-04-21T03:19:21Z] checkpoint saved | stage=finalist answer eval | method=bridge_final_current | papers=177/416 | questions=625/1451 | cache_records=625
[2026-04-21T03:19:25Z] finalist answer eval | method=bridge_final_current | papers=180/416 | questions=635/1451 | 43.8% | elapsed=00:04:31 | papers/min=39.73 | q/min=140.16 | eta=00:05:49 | new_cache=30 | checkpoint_saved=no | loaded_cached=0 | skipped_existing=0
[2026-04-21T03:19:30Z] checkpoint saved | stage=finalist answer eval | method=bridge_final_current | papers=183/416 | questions=650/1451 | cache_records=650
[2026-04-21T03:19:40Z] checkpoint saved | stage=finalist answer eval | method=bridge_final_current | papers=189/416 | questions=675/1451 | cache_records=675
[2026-04-21T03:19:41Z] finalist answer eval | method=bridge_final_current | papers=190/416 | questions=678/1451 | 46.7% | elapsed=00:04:48 | papers/min=39.58 | q/min=141.23 | eta=00:05:28 | new_cache=43 | checkpoint_saved=no | loaded_cached=0 | skipped_existing=0
[2026-04-21T03:19:49Z] checkpoint saved | stage=finalist answer eval | method=bridge_final_current | papers=194/416 | questions=700/1451 | cache_records=700
[2026-04-21T03:19:56Z] finalist answer eval | method=bridge_final_current | papers=200/416 | questions=721/1451 | 49.7% | elapsed=00:05:03 | papers/min=39.56 | q/min=142.60 | eta=00:05:07 | new_cache=43 | checkpoint_saved=no | loaded_cached=0 | skipped_existing=0
[2026-04-21T03:19:58Z] checkpoint saved | stage=finalist answer eval | method=bridge_final_current | papers=201/416 | questions=725/1451 | cache_records=725
[2026-04-21T03:20:07Z] checkpoint saved | stage=finalist answer eval | method=bridge_final_current | papers=206/416 | questions=750/1451 | cache_records=750
[2026-04-21T03:20:13Z] finalist answer eval | method=bridge_final_current | papers=210/416 | questions=768/1451 | 52.9% | elapsed=00:05:19 | papers/min=39.41 | q/min=144.12 | eta=00:04:44 | new_cache=47 | checkpoint_saved=no | loaded_cached=0 | skipped_existing=0
[2026-04-21T03:20:15Z] checkpoint saved | stage=finalist answer eval | method=bridge_final_current | papers=212/416 | questions=775/1451 | cache_records=775
[2026-04-21T03:20:25Z] checkpoint saved | stage=finalist answer eval | method=bridge_final_current | papers=218/416 | questions=800/1451 | cache_records=800
[2026-04-21T03:20:27Z] finalist answer eval | method=bridge_final_current | papers=220/416 | questions=804/1451 | 55.4% | elapsed=00:05:34 | papers/min=39.51 | q/min=144.39 | eta=00:04:28 | new_cache=36 | checkpoint_saved=no | loaded_cached=0 | skipped_existing=0
[2026-04-21T03:20:37Z] checkpoint saved | stage=finalist answer eval | method=bridge_final_current | papers=226/416 | questions=825/1451 | cache_records=825
[2026-04-21T03:20:43Z] finalist answer eval | method=bridge_final_current | papers=230/416 | questions=837/1451 | 57.7% | elapsed=00:05:50 | papers/min=39.39 | q/min=143.36 | eta=00:04:16 | new_cache=33 | checkpoint_saved=no | loaded_cached=0 | skipped_existing=0
[2026-04-21T03:20:50Z] checkpoint saved | stage=finalist answer eval | method=bridge_final_current | papers=234/416 | questions=850/1451 | cache_records=850
[2026-04-21T03:20:59Z] finalist answer eval | method=bridge_final_current | papers=240/416 | questions=871/1451 | 60.0% | elapsed=00:06:06 | papers/min=39.33 | q/min=142.75 | eta=00:04:03 | new_cache=34 | checkpoint_saved=no | loaded_cached=0 | skipped_existing=0
[2026-04-21T03:21:01Z] checkpoint saved | stage=finalist answer eval | method=bridge_final_current | papers=241/416 | questions=875/1451 | cache_records=875
[2026-04-21T03:21:12Z] checkpoint saved | stage=finalist answer eval | method=bridge_final_current | papers=247/416 | questions=900/1451 | cache_records=900
[2026-04-21T03:21:16Z] finalist answer eval | method=bridge_final_current | papers=250/416 | questions=907/1451 | 62.5% | elapsed=00:06:23 | papers/min=39.14 | q/min=142.00 | eta=00:03:49 | new_cache=36 | checkpoint_saved=no | loaded_cached=0 | skipped_existing=0
[2026-04-21T03:21:24Z] checkpoint saved | stage=finalist answer eval | method=bridge_final_current | papers=256/416 | questions=925/1451 | cache_records=925
[2026-04-21T03:21:33Z] finalist answer eval | method=bridge_final_current | papers=260/416 | questions=945/1451 | 65.1% | elapsed=00:06:40 | papers/min=38.97 | q/min=141.65 | eta=00:03:34 | new_cache=38 | checkpoint_saved=no | loaded_cached=0 | skipped_existing=0
[2026-04-21T03:21:36Z] checkpoint saved | stage=finalist answer eval | method=bridge_final_current | papers=262/416 | questions=950/1451 | cache_records=950
[2026-04-21T03:21:47Z] checkpoint saved | stage=finalist answer eval | method=bridge_final_current | papers=269/416 | questions=975/1451 | cache_records=975
[2026-04-21T03:21:48Z] finalist answer eval | method=bridge_final_current | papers=270/416 | questions=978/1451 | 67.4% | elapsed=00:06:54 | papers/min=39.04 | q/min=141.42 | eta=00:03:20 | new_cache=33 | checkpoint_saved=no | loaded_cached=0 | skipped_existing=0
[2026-04-21T03:21:56Z] checkpoint saved | stage=finalist answer eval | method=bridge_final_current | papers=277/416 | questions=1000/1451 | cache_records=1000
[2026-04-21T03:22:00Z] finalist answer eval | method=bridge_final_current | papers=280/416 | questions=1008/1451 | 69.5% | elapsed=00:07:06 | papers/min=39.38 | q/min=141.77 | eta=00:03:07 | new_cache=30 | checkpoint_saved=no | loaded_cached=0 | skipped_existing=0
[2026-04-21T03:22:06Z] checkpoint saved | stage=finalist answer eval | method=bridge_final_current | papers=285/416 | questions=1025/1451 | cache_records=1025
[2026-04-21T03:22:12Z] finalist answer eval | method=bridge_final_current | papers=290/416 | questions=1041/1451 | 71.7% | elapsed=00:07:19 | papers/min=39.61 | q/min=142.20 | eta=00:02:52 | new_cache=33 | checkpoint_saved=no | loaded_cached=0 | skipped_existing=0
[2026-04-21T03:22:16Z] checkpoint saved | stage=finalist answer eval | method=bridge_final_current | papers=292/416 | questions=1050/1451 | cache_records=1050
[2026-04-21T03:22:25Z] checkpoint saved | stage=finalist answer eval | method=bridge_final_current | papers=299/416 | questions=1075/1451 | cache_records=1075
[2026-04-21T03:22:27Z] finalist answer eval | method=bridge_final_current | papers=300/416 | questions=1082/1451 | 74.6% | elapsed=00:07:34 | papers/min=39.63 | q/min=142.92 | eta=00:02:34 | new_cache=41 | checkpoint_saved=no | loaded_cached=0 | skipped_existing=0
[2026-04-21T03:22:33Z] checkpoint saved | stage=finalist answer eval | method=bridge_final_current | papers=306/416 | questions=1100/1451 | cache_records=1100
[2026-04-21T03:22:38Z] finalist answer eval | method=bridge_final_current | papers=310/416 | questions=1112/1451 | 76.6% | elapsed=00:07:44 | papers/min=40.04 | q/min=143.62 | eta=00:02:21 | new_cache=30 | checkpoint_saved=no | loaded_cached=0 | skipped_existing=0
[2026-04-21T03:22:43Z] checkpoint saved | stage=finalist answer eval | method=bridge_final_current | papers=314/416 | questions=1125/1451 | cache_records=1125
[2026-04-21T03:22:50Z] finalist answer eval | method=bridge_final_current | papers=320/416 | questions=1145/1451 | 78.9% | elapsed=00:07:56 | papers/min=40.26 | q/min=144.04 | eta=00:02:07 | new_cache=33 | checkpoint_saved=no | loaded_cached=0 | skipped_existing=0
[2026-04-21T03:22:52Z] checkpoint saved | stage=finalist answer eval | method=bridge_final_current | papers=322/416 | questions=1150/1451 | cache_records=1150
[2026-04-21T03:23:00Z] finalist answer eval | method=bridge_final_current | papers=330/416 | questions=1174/1451 | 80.9% | elapsed=00:08:06 | papers/min=40.66 | q/min=144.66 | eta=00:01:54 | new_cache=29 | checkpoint_saved=no | loaded_cached=0 | skipped_existing=0
[2026-04-21T03:23:00Z] checkpoint saved | stage=finalist answer eval | method=bridge_final_current | papers=330/416 | questions=1175/1451 | cache_records=1175
[2026-04-21T03:23:10Z] checkpoint saved | stage=finalist answer eval | method=bridge_final_current | papers=338/416 | questions=1200/1451 | cache_records=1200
[2026-04-21T03:23:15Z] finalist answer eval | method=bridge_final_current | papers=340/416 | questions=1208/1451 | 83.3% | elapsed=00:08:21 | papers/min=40.67 | q/min=144.50 | eta=00:01:40 | new_cache=34 | checkpoint_saved=no | loaded_cached=0 | skipped_existing=0
[2026-04-21T03:23:23Z] checkpoint saved | stage=finalist answer eval | method=bridge_final_current | papers=345/416 | questions=1225/1451 | cache_records=1225
[2026-04-21T03:23:30Z] finalist answer eval | method=bridge_final_current | papers=350/416 | questions=1237/1451 | 85.3% | elapsed=00:08:36 | papers/min=40.64 | q/min=143.65 | eta=00:01:29 | new_cache=29 | checkpoint_saved=no | loaded_cached=0 | skipped_existing=0
[2026-04-21T03:23:36Z] checkpoint saved | stage=finalist answer eval | method=bridge_final_current | papers=352/416 | questions=1250/1451 | cache_records=1250
[2026-04-21T03:23:47Z] checkpoint saved | stage=finalist answer eval | method=bridge_final_current | papers=358/416 | questions=1275/1451 | cache_records=1275
[2026-04-21T03:23:49Z] finalist answer eval | method=bridge_final_current | papers=360/416 | questions=1279/1451 | 88.1% | elapsed=00:08:56 | papers/min=40.28 | q/min=143.10 | eta=00:01:12 | new_cache=42 | checkpoint_saved=no | loaded_cached=0 | skipped_existing=0
[2026-04-21T03:23:59Z] checkpoint saved | stage=finalist answer eval | method=bridge_final_current | papers=367/416 | questions=1300/1451 | cache_records=1300
[2026-04-21T03:24:05Z] finalist answer eval | method=bridge_final_current | papers=370/416 | questions=1312/1451 | 90.4% | elapsed=00:09:12 | papers/min=40.21 | q/min=142.59 | eta=00:00:58 | new_cache=33 | checkpoint_saved=no | loaded_cached=0 | skipped_existing=0
[2026-04-21T03:24:11Z] checkpoint saved | stage=finalist answer eval | method=bridge_final_current | papers=375/416 | questions=1325/1451 | cache_records=1325
[2026-04-21T03:24:17Z] finalist answer eval | method=bridge_final_current | papers=380/416 | questions=1337/1451 | 92.1% | elapsed=00:09:24 | papers/min=40.42 | q/min=142.22 | eta=00:00:48 | new_cache=25 | checkpoint_saved=no | loaded_cached=0 | skipped_existing=0
[2026-04-21T03:24:23Z] checkpoint saved | stage=finalist answer eval | method=bridge_final_current | papers=382/416 | questions=1350/1451 | cache_records=1350
[2026-04-21T03:24:31Z] finalist answer eval | method=bridge_final_current | papers=390/416 | questions=1369/1451 | 94.3% | elapsed=00:09:38 | papers/min=40.48 | q/min=142.10 | eta=00:00:34 | new_cache=32 | checkpoint_saved=no | loaded_cached=0 | skipped_existing=0
[2026-04-21T03:24:34Z] checkpoint saved | stage=finalist answer eval | method=bridge_final_current | papers=392/416 | questions=1375/1451 | cache_records=1375
[2026-04-21T03:24:44Z] checkpoint saved | stage=finalist answer eval | method=bridge_final_current | papers=399/416 | questions=1400/1451 | cache_records=1400
[2026-04-21T03:24:45Z] finalist answer eval | method=bridge_final_current | papers=400/416 | questions=1401/1451 | 96.6% | elapsed=00:09:51 | papers/min=40.55 | q/min=142.03 | eta=00:00:21 | new_cache=32 | checkpoint_saved=no | loaded_cached=0 | skipped_existing=0
[2026-04-21T03:24:54Z] checkpoint saved | stage=finalist answer eval | method=bridge_final_current | papers=407/416 | questions=1425/1451 | cache_records=1425
[2026-04-21T03:24:57Z] finalist answer eval | method=bridge_final_current | papers=410/416 | questions=1433/1451 | 98.8% | elapsed=00:10:04 | papers/min=40.71 | q/min=142.28 | eta=00:00:07 | new_cache=32 | checkpoint_saved=no | loaded_cached=0 | skipped_existing=0
[2026-04-21T03:25:04Z] checkpoint saved | stage=finalist answer eval | method=bridge_final_current | papers=415/416 | questions=1450/1451 | cache_records=1450
[2026-04-21T03:25:05Z] finalist answer eval | method=bridge_final_current | papers=416/416 | questions=1451/1451 | 100.0% | elapsed=00:10:11 | papers/min=40.81 | q/min=142.36 | eta=00:00:00 | new_cache=18 | checkpoint_saved=no | loaded_cached=0 | skipped_existing=0
[2026-04-21T03:25:05Z] checkpoint saved | stage=finalist answer eval | method=bridge_final_current | papers=416/416 | questions=1451/1451 | cache_records=1451
[2026-04-21T03:25:05Z] finalist answer eval | method=bridge_final_current | papers=416/416 | questions=1451/1451 | 100.0% | elapsed=00:10:11 | papers/min=40.81 | q/min=142.36 | eta=00:00:00 | new_cache=0 | checkpoint_saved=no | loaded_cached=0 | skipped_existing=0
[2026-04-21T03:25:05Z] stage complete | stage=finalist answer eval | method=bridge_final_current | computed_this_run=1451 | skipped_existing=0 | cache_records=1451
[2026-04-21T03:25:07Z] Bucket 5 complete | final_method=flat_hybrid_current | baseline_method=bridge_final_current | questions=1451
